#
# There is insufficient memory for the Java Runtime Environment to continue.
# Native memory allocation (malloc) failed to allocate 1296336 bytes for Chunk::new
# Possible reasons:
#   The system is out of physical RAM or swap space
#   The process is running with CompressedOops enabled, and the Java Heap may be blocking the growth of the native heap
# Possible solutions:
#   Reduce memory load on the system
#   Increase physical memory or swap space
#   Check if swap backing store is full
#   Decrease Java heap size (-Xmx/-Xms)
#   Decrease number of Java threads
#   Decrease Java thread stack sizes (-Xss)
#   Set larger code cache with -XX:ReservedCodeCacheSize=
#   JVM is running with Unscaled Compressed Oops mode in which the Java heap is
#     placed in the first 4GB address space. The Java Heap base address is the
#     maximum limit for the native heap growth. Please use -XX:HeapBaseMinAddress
#     to set the Java Heap base and to place the Java Heap above 4GB virtual address.
# This output file may be truncated or incomplete.
#
#  Out of Memory Error (./src/hotspot/share/memory/arena.cpp:195), pid=16000, tid=15388
#
# JRE version: OpenJDK Runtime Environment AdoptOpenJDK (14.0.2+12) (build 14.0.2+12)
# Java VM: OpenJDK 64-Bit Server VM AdoptOpenJDK (14.0.2+12, mixed mode, sharing, tiered, compressed oops, g1 gc, windows-amd64)
# No core dump will be written. Minidumps are not enabled by default on client versions of Windows
#

---------------  S U M M A R Y ------------

Command Line: -Dfile.encoding=UTF-8 com.fiap.ralfmed.ticketamazonservice.TicketAmazonServiceApplication

Host: Intel(R) Core(TM) i7-4500U CPU @ 1.80GHz, 4 cores, 7G,  Windows 10 , 64 bit Build 19041 (10.0.19041.546)
Time: Sat Oct 31 20:16:06 2020 E. South America Standard Time elapsed time: 18 seconds (0d 0h 0m 18s)

---------------  T H R E A D  ---------------

Current thread (0x00000289756e5000):  JavaThread "C2 CompilerThread0" daemon [_thread_in_native, id=15388, stack(0x00000091bb500000,0x00000091bb600000)]


Current CompileTask:
C2:  18621 6065   !   4       org.springframework.util.ReflectionUtils::doWithLocalMethods (89 bytes)

Stack: [0x00000091bb500000,0x00000091bb600000]
Native frames: (J=compiled Java code, j=interpreted, Vv=VM code, C=native code)
V  [jvm.dll+0x5fd67a]
V  [jvm.dll+0x79785a]
V  [jvm.dll+0x79900f]
V  [jvm.dll+0x799653]
V  [jvm.dll+0x20f108]
V  [jvm.dll+0xace47]
V  [jvm.dll+0xad53c]
V  [jvm.dll+0x31efa8]
V  [jvm.dll+0x18e300]
V  [jvm.dll+0x1e7cba]
V  [jvm.dll+0x1e6e78]
V  [jvm.dll+0x179d0c]
V  [jvm.dll+0x1f5f55]
V  [jvm.dll+0x1f413b]
V  [jvm.dll+0x75c3ad]
V  [jvm.dll+0x7551ba]
V  [jvm.dll+0x5fc4d6]
C  [ucrtbase.dll+0x214c2]
C  [KERNEL32.DLL+0x17034]
C  [ntdll.dll+0x4cec1]


---------------  P R O C E S S  ---------------

Threads class SMR info:
_java_thread_list=0x00000289776a9b00, length=40, elements={
0x0000028954cc3800, 0x00000289756bb000, 0x00000289756bc800, 0x00000289756d4000,
0x00000289756d5800, 0x00000289756d8800, 0x00000289756e5000, 0x0000028975708800,
0x0000028976018800, 0x000002897616e800, 0x0000028976170800, 0x0000028979429800,
0x000002897a185800, 0x000002897884f800, 0x0000028978b68800, 0x000002897958d000,
0x0000028979343000, 0x00000289776e6000, 0x000002897bada000, 0x000002897d876000,
0x000002897c53d800, 0x000002897d879000, 0x000002897d87a000, 0x000002897d87b000,
0x000002897d875000, 0x000002897d877000, 0x000002897d87b800, 0x000002897d877800,
0x0000028976e88800, 0x0000028976e85000, 0x0000028976e89000, 0x0000028976e8a000,
0x0000028976e8b000, 0x0000028976e87800, 0x0000028976e87000, 0x0000028976e8b800,
0x0000028976e86000, 0x000002897c5a6000, 0x000002897c5ac800, 0x000002897c5aa800
}

Java Threads: ( => current thread )
  0x0000028954cc3800 JavaThread "main" [_thread_in_vm, id=16184, stack(0x00000091ba900000,0x00000091baa00000)]
  0x00000289756bb000 JavaThread "Reference Handler" daemon [_thread_blocked, id=9732, stack(0x00000091bb000000,0x00000091bb100000)]
  0x00000289756bc800 JavaThread "Finalizer" daemon [_thread_blocked, id=11484, stack(0x00000091bb100000,0x00000091bb200000)]
  0x00000289756d4000 JavaThread "Signal Dispatcher" daemon [_thread_blocked, id=8924, stack(0x00000091bb200000,0x00000091bb300000)]
  0x00000289756d5800 JavaThread "Attach Listener" daemon [_thread_blocked, id=14812, stack(0x00000091bb300000,0x00000091bb400000)]
  0x00000289756d8800 JavaThread "Service Thread" daemon [_thread_blocked, id=10464, stack(0x00000091bb400000,0x00000091bb500000)]
=>0x00000289756e5000 JavaThread "C2 CompilerThread0" daemon [_thread_in_native, id=15388, stack(0x00000091bb500000,0x00000091bb600000)]
  0x0000028975708800 JavaThread "C1 CompilerThread0" daemon [_thread_blocked, id=16168, stack(0x00000091bb600000,0x00000091bb700000)]
  0x0000028976018800 JavaThread "Sweeper thread" daemon [_thread_blocked, id=6564, stack(0x00000091bb700000,0x00000091bb800000)]
  0x000002897616e800 JavaThread "Notification Thread" daemon [_thread_blocked, id=14560, stack(0x00000091bb800000,0x00000091bb900000)]
  0x0000028976170800 JavaThread "Common-Cleaner" daemon [_thread_blocked, id=15296, stack(0x00000091bba00000,0x00000091bbb00000)]
  0x0000028979429800 JavaThread "Keep-Alive-Timer" daemon [_thread_blocked, id=10672, stack(0x00000091bc000000,0x00000091bc100000)]
  0x000002897a185800 JavaThread "Catalina-utility-1" [_thread_blocked, id=3592, stack(0x00000091bc100000,0x00000091bc200000)]
  0x000002897884f800 JavaThread "Catalina-utility-2" [_thread_blocked, id=16268, stack(0x00000091bc200000,0x00000091bc300000)]
  0x0000028978b68800 JavaThread "container-0" [_thread_blocked, id=16140, stack(0x00000091bc300000,0x00000091bc400000)]
  0x000002897958d000 JavaThread "task-1" [_thread_blocked, id=16164, stack(0x00000091bc400000,0x00000091bc500000)]
  0x0000028979343000 JavaThread "PostgreSQL-JDBC-SharedTimer-1" daemon [_thread_blocked, id=13040, stack(0x00000091bc500000,0x00000091bc600000)]
  0x00000289776e6000 JavaThread "HikariPool-1 housekeeper" daemon [_thread_blocked, id=3584, stack(0x00000091bc600000,0x00000091bc700000)]
  0x000002897bada000 JavaThread "spring.cloud.inetutils" daemon [_thread_blocked, id=13700, stack(0x00000091bc700000,0x00000091bc800000)]
  0x000002897d876000 JavaThread "HikariPool-1 connection adder" daemon [_thread_blocked, id=7404, stack(0x00000091bc800000,0x00000091bc900000)]
  0x000002897c53d800 JavaThread "C2 CompilerThread1" daemon [_thread_in_native, id=8152, stack(0x00000091bbe00000,0x00000091bbf00000)]
  0x000002897d879000 JavaThread "Apache-HttpClient-Conn-Cleaner2" daemon [_thread_blocked, id=32, stack(0x00000091bc900000,0x00000091bca00000)]
  0x000002897d87a000 JavaThread "AsyncResolver-bootstrap-0" daemon [_thread_blocked, id=7216, stack(0x00000091bca00000,0x00000091bcb00000)]
  0x000002897d87b000 JavaThread "DiscoveryClient-0" daemon [_thread_blocked, id=6520, stack(0x00000091bcb00000,0x00000091bcc00000)]
  0x000002897d875000 JavaThread "DiscoveryClient-1" daemon [_thread_blocked, id=1236, stack(0x00000091bcc00000,0x00000091bcd00000)]
  0x000002897d877000 JavaThread "DiscoveryClient-InstanceInfoReplicator-0" daemon [_thread_blocked, id=7728, stack(0x00000091bcd00000,0x00000091bce00000)]
  0x000002897d87b800 JavaThread "task-2" [_thread_blocked, id=10364, stack(0x00000091bce00000,0x00000091bcf00000)]
  0x000002897d877800 JavaThread "http-nio-8092-BlockPoller" daemon [_thread_in_native, id=7460, stack(0x00000091bcf00000,0x00000091bd000000)]
  0x0000028976e88800 JavaThread "http-nio-8092-exec-1" daemon [_thread_blocked, id=10224, stack(0x00000091bd000000,0x00000091bd100000)]
  0x0000028976e85000 JavaThread "http-nio-8092-exec-2" daemon [_thread_blocked, id=4808, stack(0x00000091bd100000,0x00000091bd200000)]
  0x0000028976e89000 JavaThread "http-nio-8092-exec-3" daemon [_thread_blocked, id=10904, stack(0x00000091bd200000,0x00000091bd300000)]
  0x0000028976e8a000 JavaThread "http-nio-8092-exec-4" daemon [_thread_blocked, id=6640, stack(0x00000091bd300000,0x00000091bd400000)]
  0x0000028976e8b000 JavaThread "http-nio-8092-exec-5" daemon [_thread_blocked, id=14880, stack(0x00000091bd400000,0x00000091bd500000)]
  0x0000028976e87800 JavaThread "http-nio-8092-exec-6" daemon [_thread_blocked, id=10700, stack(0x00000091bd500000,0x00000091bd600000)]
  0x0000028976e87000 JavaThread "http-nio-8092-exec-7" daemon [_thread_blocked, id=5648, stack(0x00000091bd600000,0x00000091bd700000)]
  0x0000028976e8b800 JavaThread "http-nio-8092-exec-8" daemon [_thread_blocked, id=1252, stack(0x00000091bd700000,0x00000091bd800000)]
  0x0000028976e86000 JavaThread "http-nio-8092-exec-9" daemon [_thread_blocked, id=7972, stack(0x00000091bd800000,0x00000091bd900000)]
  0x000002897c5a6000 JavaThread "http-nio-8092-exec-10" daemon [_thread_blocked, id=3424, stack(0x00000091bd900000,0x00000091bda00000)]
  0x000002897c5ac800 JavaThread "http-nio-8092-ClientPoller" daemon [_thread_in_native, id=13828, stack(0x00000091bda00000,0x00000091bdb00000)]
  0x000002897c5aa800 JavaThread "http-nio-8092-Acceptor" daemon [_thread_in_native, id=3748, stack(0x00000091bdb00000,0x00000091bdc00000)]

Other Threads:
  0x00000289756b8000 VMThread "VM Thread" [stack: 0x00000091baf00000,0x00000091bb000000] [id=13684]
  0x000002897618a000 WatcherThread [stack: 0x00000091bb900000,0x00000091bba00000] [id=16172]
  0x0000028954d09000 GCTaskThread "GC Thread#0" [stack: 0x00000091baa00000,0x00000091bab00000] [id=7812]
  0x0000028976170000 GCTaskThread "GC Thread#1" [stack: 0x00000091bbc00000,0x00000091bbd00000] [id=13680]
  0x000002897640e000 GCTaskThread "GC Thread#2" [stack: 0x00000091bbd00000,0x00000091bbe00000] [id=10284]
  0x0000028978b48800 GCTaskThread "GC Thread#3" [stack: 0x00000091bbf00000,0x00000091bc000000] [id=568]
  0x0000028954d1f000 ConcurrentGCThread "G1 Main Marker" [stack: 0x00000091bab00000,0x00000091bac00000] [id=16180]
  0x0000028954d20000 ConcurrentGCThread "G1 Conc#0" [stack: 0x00000091bac00000,0x00000091bad00000] [id=10512]
  0x0000028975531800 ConcurrentGCThread "G1 Refine#0" [stack: 0x00000091bad00000,0x00000091bae00000] [id=12032]
  0x0000028954d89800 ConcurrentGCThread "G1 Young RemSet Sampling" [stack: 0x00000091bae00000,0x00000091baf00000] [id=4428]

Threads with active compile tasks:
C2 CompilerThread0    19003 6065   !   4       org.springframework.util.ReflectionUtils::doWithLocalMethods (89 bytes)
C2 CompilerThread1    19003 6054   !   4       java.lang.reflect.Field::declaredAnnotations (82 bytes)

VM state:not at safepoint (normal execution)

VM Mutex/Monitor currently owned by a thread: None

Heap address: 0x0000000081c00000, size: 2020 MB, Compressed Oops mode: 32-bit
Narrow klass base: 0x0000000800000000, Narrow klass shift: 3
Compressed class space size: 1073741824 Address: 0x0000000800b30000

Heap:
 garbage-first heap   total 89088K, used 51910K [0x0000000081c00000, 0x0000000100000000)
  region size 1024K, 22 young (22528K), 3 survivors (3072K)
 Metaspace       used 69102K, capacity 70626K, committed 70812K, reserved 1110016K
  class space    used 9302K, capacity 9858K, committed 9964K, reserved 1048576K
Heap Regions: E=young(eden), S=young(survivor), O=old, HS=humongous(starts), HC=humongous(continues), CS=collection set, F=free, OA=open archive, CA=closed archive, TAMS=top-at-mark-start (previous, next)
|   0|0x0000000081c00000, 0x0000000081d00000, 0x0000000081d00000|100%|HS|  |TAMS 0x0000000081d00000, 0x0000000081c00000| Complete 
|   1|0x0000000081d00000, 0x0000000081e00000, 0x0000000081e00000|100%| O|  |TAMS 0x0000000081e00000, 0x0000000081d00000| Untracked 
|   2|0x0000000081e00000, 0x0000000081f00000, 0x0000000081f00000|100%| O|  |TAMS 0x0000000081f00000, 0x0000000081e00000| Untracked 
|   3|0x0000000081f00000, 0x0000000082000000, 0x0000000082000000|100%| O|  |TAMS 0x0000000082000000, 0x0000000081f00000| Untracked 
|   4|0x0000000082000000, 0x0000000082100000, 0x0000000082100000|100%| O|  |TAMS 0x0000000082100000, 0x0000000082000000| Untracked 
|   5|0x0000000082100000, 0x0000000082200000, 0x0000000082200000|100%| O|  |TAMS 0x0000000082200000, 0x0000000082100000| Untracked 
|   6|0x0000000082200000, 0x0000000082233800, 0x0000000082300000| 20%| O|  |TAMS 0x0000000082233800, 0x0000000082200000| Untracked 
|   7|0x0000000082300000, 0x0000000082400000, 0x0000000082400000|100%| O|  |TAMS 0x0000000082400000, 0x0000000082300000| Untracked 
|   8|0x0000000082400000, 0x0000000082500000, 0x0000000082500000|100%| O|  |TAMS 0x0000000082500000, 0x0000000082400000| Untracked 
|   9|0x0000000082500000, 0x0000000082600000, 0x0000000082600000|100%| O|  |TAMS 0x0000000082600000, 0x0000000082500000| Untracked 
|  10|0x0000000082600000, 0x0000000082700000, 0x0000000082700000|100%| O|  |TAMS 0x0000000082700000, 0x0000000082600000| Untracked 
|  11|0x0000000082700000, 0x0000000082800000, 0x0000000082800000|100%| O|  |TAMS 0x0000000082800000, 0x0000000082700000| Untracked 
|  12|0x0000000082800000, 0x0000000082900000, 0x0000000082900000|100%| O|  |TAMS 0x0000000082900000, 0x0000000082800000| Untracked 
|  13|0x0000000082900000, 0x0000000082a00000, 0x0000000082a00000|100%| O|  |TAMS 0x0000000082a00000, 0x0000000082900000| Untracked 
|  14|0x0000000082a00000, 0x0000000082b00000, 0x0000000082b00000|100%| O|  |TAMS 0x0000000082b00000, 0x0000000082a00000| Untracked 
|  15|0x0000000082b00000, 0x0000000082c00000, 0x0000000082c00000|100%| O|  |TAMS 0x0000000082c00000, 0x0000000082b00000| Untracked 
|  16|0x0000000082c00000, 0x0000000082d00000, 0x0000000082d00000|100%| O|  |TAMS 0x0000000082d00000, 0x0000000082c00000| Untracked 
|  17|0x0000000082d00000, 0x0000000082e00000, 0x0000000082e00000|100%| O|  |TAMS 0x0000000082e00000, 0x0000000082d00000| Untracked 
|  18|0x0000000082e00000, 0x0000000082f00000, 0x0000000082f00000|100%| O|  |TAMS 0x0000000082f00000, 0x0000000082e00000| Untracked 
|  19|0x0000000082f00000, 0x0000000083000000, 0x0000000083000000|100%| O|  |TAMS 0x0000000083000000, 0x0000000082f00000| Untracked 
|  20|0x0000000083000000, 0x0000000083100000, 0x0000000083100000|100%| O|  |TAMS 0x0000000083100000, 0x0000000083000000| Untracked 
|  21|0x0000000083100000, 0x0000000083200000, 0x0000000083200000|100%| O|  |TAMS 0x0000000083200000, 0x0000000083100000| Untracked 
|  22|0x0000000083200000, 0x0000000083300000, 0x0000000083300000|100%| O|  |TAMS 0x0000000083300000, 0x0000000083200000| Untracked 
|  23|0x0000000083300000, 0x0000000083400000, 0x0000000083400000|100%| O|  |TAMS 0x0000000083400000, 0x0000000083300000| Untracked 
|  24|0x0000000083400000, 0x0000000083500000, 0x0000000083500000|100%| O|  |TAMS 0x0000000083500000, 0x0000000083400000| Untracked 
|  25|0x0000000083500000, 0x0000000083600000, 0x0000000083600000|100%| O|  |TAMS 0x0000000083600000, 0x0000000083500000| Untracked 
|  26|0x0000000083600000, 0x0000000083700000, 0x0000000083700000|100%| O|  |TAMS 0x0000000083700000, 0x0000000083600000| Untracked 
|  27|0x0000000083700000, 0x0000000083800000, 0x0000000083800000|100%| O|  |TAMS 0x00000000837b3a00, 0x0000000083700000| Untracked 
|  28|0x0000000083800000, 0x0000000083900000, 0x0000000083900000|100%| O|  |TAMS 0x0000000083800000, 0x0000000083800000| Untracked 
|  29|0x0000000083900000, 0x0000000083a00000, 0x0000000083a00000|100%| O|  |TAMS 0x0000000083900000, 0x0000000083900000| Untracked 
|  30|0x0000000083a00000, 0x0000000083a80200, 0x0000000083b00000| 50%| O|  |TAMS 0x0000000083a00000, 0x0000000083a00000| Untracked 
|  31|0x0000000083b00000, 0x0000000083b00000, 0x0000000083c00000|  0%| F|  |TAMS 0x0000000083b00000, 0x0000000083b00000| Untracked 
|  32|0x0000000083c00000, 0x0000000083c00000, 0x0000000083d00000|  0%| F|  |TAMS 0x0000000083c00000, 0x0000000083c00000| Untracked 
|  33|0x0000000083d00000, 0x0000000083d00000, 0x0000000083e00000|  0%| F|  |TAMS 0x0000000083d00000, 0x0000000083d00000| Untracked 
|  34|0x0000000083e00000, 0x0000000083e00000, 0x0000000083f00000|  0%| F|  |TAMS 0x0000000083e00000, 0x0000000083e00000| Untracked 
|  35|0x0000000083f00000, 0x0000000083f00000, 0x0000000084000000|  0%| F|  |TAMS 0x0000000083f00000, 0x0000000083f00000| Untracked 
|  36|0x0000000084000000, 0x0000000084000000, 0x0000000084100000|  0%| F|  |TAMS 0x0000000084000000, 0x0000000084000000| Untracked 
|  37|0x0000000084100000, 0x0000000084100000, 0x0000000084200000|  0%| F|  |TAMS 0x0000000084100000, 0x0000000084100000| Untracked 
|  38|0x0000000084200000, 0x0000000084200000, 0x0000000084300000|  0%| F|  |TAMS 0x0000000084200000, 0x0000000084200000| Untracked 
|  39|0x0000000084300000, 0x0000000084300000, 0x0000000084400000|  0%| F|  |TAMS 0x0000000084300000, 0x0000000084300000| Untracked 
|  40|0x0000000084400000, 0x0000000084400000, 0x0000000084500000|  0%| F|  |TAMS 0x0000000084400000, 0x0000000084400000| Untracked 
|  41|0x0000000084500000, 0x0000000084500000, 0x0000000084600000|  0%| F|  |TAMS 0x0000000084500000, 0x0000000084500000| Untracked 
|  42|0x0000000084600000, 0x0000000084600000, 0x0000000084700000|  0%| F|  |TAMS 0x0000000084600000, 0x0000000084600000| Untracked 
|  43|0x0000000084700000, 0x0000000084700000, 0x0000000084800000|  0%| F|  |TAMS 0x0000000084700000, 0x0000000084700000| Untracked 
|  44|0x0000000084800000, 0x0000000084800000, 0x0000000084900000|  0%| F|  |TAMS 0x0000000084800000, 0x0000000084800000| Untracked 
|  45|0x0000000084900000, 0x00000000849fde30, 0x0000000084a00000| 99%| S|CS|TAMS 0x0000000084900000, 0x0000000084900000| Complete 
|  46|0x0000000084a00000, 0x0000000084b00000, 0x0000000084b00000|100%| S|CS|TAMS 0x0000000084a00000, 0x0000000084a00000| Complete 
|  47|0x0000000084b00000, 0x0000000084c00000, 0x0000000084c00000|100%| S|CS|TAMS 0x0000000084b00000, 0x0000000084b00000| Complete 
|  48|0x0000000084c00000, 0x0000000084c00000, 0x0000000084d00000|  0%| F|  |TAMS 0x0000000084c00000, 0x0000000084c00000| Untracked 
|  49|0x0000000084d00000, 0x0000000084d00000, 0x0000000084e00000|  0%| F|  |TAMS 0x0000000084d00000, 0x0000000084d00000| Untracked 
|  50|0x0000000084e00000, 0x0000000084e00000, 0x0000000084f00000|  0%| F|  |TAMS 0x0000000084e00000, 0x0000000084e00000| Untracked 
|  51|0x0000000084f00000, 0x0000000084f00000, 0x0000000085000000|  0%| F|  |TAMS 0x0000000084f00000, 0x0000000084f00000| Untracked 
|  52|0x0000000085000000, 0x0000000085000000, 0x0000000085100000|  0%| F|  |TAMS 0x0000000085000000, 0x0000000085000000| Untracked 
|  53|0x0000000085100000, 0x0000000085100000, 0x0000000085200000|  0%| F|  |TAMS 0x0000000085100000, 0x0000000085100000| Untracked 
|  54|0x0000000085200000, 0x0000000085200000, 0x0000000085300000|  0%| F|  |TAMS 0x0000000085200000, 0x0000000085200000| Untracked 
|  55|0x0000000085300000, 0x0000000085300000, 0x0000000085400000|  0%| F|  |TAMS 0x0000000085300000, 0x0000000085300000| Untracked 
|  56|0x0000000085400000, 0x0000000085400000, 0x0000000085500000|  0%| F|  |TAMS 0x0000000085400000, 0x0000000085400000| Untracked 
|  57|0x0000000085500000, 0x0000000085500000, 0x0000000085600000|  0%| F|  |TAMS 0x0000000085500000, 0x0000000085500000| Untracked 
|  58|0x0000000085600000, 0x0000000085600000, 0x0000000085700000|  0%| F|  |TAMS 0x0000000085600000, 0x0000000085600000| Untracked 
|  59|0x0000000085700000, 0x0000000085700000, 0x0000000085800000|  0%| F|  |TAMS 0x0000000085700000, 0x0000000085700000| Untracked 
|  60|0x0000000085800000, 0x0000000085800000, 0x0000000085900000|  0%| F|  |TAMS 0x0000000085800000, 0x0000000085800000| Untracked 
|  61|0x0000000085900000, 0x0000000085900000, 0x0000000085a00000|  0%| F|  |TAMS 0x0000000085900000, 0x0000000085900000| Untracked 
|  62|0x0000000085a00000, 0x0000000085a00000, 0x0000000085b00000|  0%| F|  |TAMS 0x0000000085a00000, 0x0000000085a00000| Untracked 
|  63|0x0000000085b00000, 0x0000000085b00000, 0x0000000085c00000|  0%| F|  |TAMS 0x0000000085b00000, 0x0000000085b00000| Untracked 
|  64|0x0000000085c00000, 0x0000000085c00000, 0x0000000085d00000|  0%| F|  |TAMS 0x0000000085c00000, 0x0000000085c00000| Untracked 
|  65|0x0000000085d00000, 0x0000000085d00000, 0x0000000085e00000|  0%| F|  |TAMS 0x0000000085d00000, 0x0000000085d00000| Untracked 
|  66|0x0000000085e00000, 0x0000000085e00000, 0x0000000085f00000|  0%| F|  |TAMS 0x0000000085e00000, 0x0000000085e00000| Untracked 
|  67|0x0000000085f00000, 0x0000000085f00000, 0x0000000086000000|  0%| F|  |TAMS 0x0000000085f00000, 0x0000000085f00000| Untracked 
|  68|0x0000000086000000, 0x0000000086063510, 0x0000000086100000| 38%| E|CS|TAMS 0x0000000086000000, 0x0000000086000000| Complete 
|  69|0x0000000086100000, 0x0000000086200000, 0x0000000086200000|100%| E|CS|TAMS 0x0000000086100000, 0x0000000086100000| Complete 
|  70|0x0000000086200000, 0x0000000086300000, 0x0000000086300000|100%| E|CS|TAMS 0x0000000086200000, 0x0000000086200000| Complete 
|  71|0x0000000086300000, 0x0000000086400000, 0x0000000086400000|100%| E|CS|TAMS 0x0000000086300000, 0x0000000086300000| Complete 
|  72|0x0000000086400000, 0x0000000086500000, 0x0000000086500000|100%| E|CS|TAMS 0x0000000086400000, 0x0000000086400000| Complete 
|  73|0x0000000086500000, 0x0000000086600000, 0x0000000086600000|100%| E|CS|TAMS 0x0000000086500000, 0x0000000086500000| Complete 
|  74|0x0000000086600000, 0x0000000086700000, 0x0000000086700000|100%| E|CS|TAMS 0x0000000086600000, 0x0000000086600000| Complete 
|  75|0x0000000086700000, 0x0000000086800000, 0x0000000086800000|100%| E|CS|TAMS 0x0000000086700000, 0x0000000086700000| Complete 
|  76|0x0000000086800000, 0x0000000086900000, 0x0000000086900000|100%| E|CS|TAMS 0x0000000086800000, 0x0000000086800000| Complete 
|  77|0x0000000086900000, 0x0000000086a00000, 0x0000000086a00000|100%| E|CS|TAMS 0x0000000086900000, 0x0000000086900000| Complete 
|  78|0x0000000086a00000, 0x0000000086b00000, 0x0000000086b00000|100%| E|CS|TAMS 0x0000000086a00000, 0x0000000086a00000| Complete 
|  79|0x0000000086b00000, 0x0000000086c00000, 0x0000000086c00000|100%| E|CS|TAMS 0x0000000086b00000, 0x0000000086b00000| Complete 
|  80|0x0000000086c00000, 0x0000000086d00000, 0x0000000086d00000|100%| E|CS|TAMS 0x0000000086c00000, 0x0000000086c00000| Complete 
|  81|0x0000000086d00000, 0x0000000086e00000, 0x0000000086e00000|100%| E|CS|TAMS 0x0000000086d00000, 0x0000000086d00000| Complete 
|  82|0x0000000086e00000, 0x0000000086f00000, 0x0000000086f00000|100%| E|CS|TAMS 0x0000000086e00000, 0x0000000086e00000| Complete 
|  83|0x0000000086f00000, 0x0000000087000000, 0x0000000087000000|100%| E|CS|TAMS 0x0000000086f00000, 0x0000000086f00000| Complete 
|  84|0x0000000087000000, 0x0000000087100000, 0x0000000087100000|100%| E|CS|TAMS 0x0000000087000000, 0x0000000087000000| Complete 
| 152|0x000000008b400000, 0x000000008b500000, 0x000000008b500000|100%| E|CS|TAMS 0x000000008b400000, 0x000000008b400000| Complete 
| 153|0x000000008b500000, 0x000000008b600000, 0x000000008b600000|100%| E|CS|TAMS 0x000000008b500000, 0x000000008b500000| Complete 

Card table byte_map: [0x000002896e960000,0x000002896ed60000] _byte_map_base: 0x000002896e552000

Marking Bits (Prev, Next): (CMBitMap*) 0x0000028954d0ab98, (CMBitMap*) 0x0000028954d0abd8
 Prev Bits: [0x000002896f160000, 0x00000289710f0000)
 Next Bits: [0x00000289710f0000, 0x0000028973080000)

Polling page: 0x0000028954d90000

Metaspace:

Usage:
  Non-class:     59.44 MB capacity,    58.50 MB ( 98%) used,   762.31 KB (  1%) free+waste,   199.75 KB ( <1%) overhead. 
      Class:      9.67 MB capacity,     9.10 MB ( 94%) used,   492.79 KB (  5%) free+waste,    92.50 KB ( <1%) overhead. 
       Both:     69.11 MB capacity,    67.60 MB ( 98%) used,     1.23 MB (  2%) free+waste,   292.25 KB ( <1%) overhead. 

Virtual space:
  Non-class space:       60.00 MB reserved,      59.67 MB (>99%) committed 
      Class space:        1.00 GB reserved,       9.73 MB ( <1%) committed 
             Both:        1.06 GB reserved,      69.40 MB (  6%) committed 

Chunk freelists:
   Non-Class:  0 bytes
       Class:  16.00 KB
        Both:  16.00 KB

MaxMetaspaceSize: 17179869184.00 GB
CompressedClassSpaceSize: 1.00 GB

CodeHeap 'non-profiled nmethods': size=120000Kb used=3944Kb max_used=3944Kb free=116055Kb
 bounds [0x0000028966a10000, 0x0000028966df0000, 0x000002896df40000]
CodeHeap 'profiled nmethods': size=120000Kb used=11851Kb max_used=11851Kb free=108148Kb
 bounds [0x000002895f4e0000, 0x0000028960080000, 0x0000028966a10000]
CodeHeap 'non-nmethods': size=5760Kb used=1345Kb max_used=1372Kb free=4414Kb
 bounds [0x000002895ef40000, 0x000002895f1b0000, 0x000002895f4e0000]
 total_blobs=6129 nmethods=5486 adapters=555
 compilation: enabled
              stopped_count=0, restarted_count=0
 full_count=0

Compilation events (20 events):
Event: 18.362 Thread 0x0000028975708800 6085       3       sun.nio.ch.Util$BufferCache::next (8 bytes)
Event: 18.362 Thread 0x0000028975708800 nmethod 6085 0x000002896002b510 code [0x000002896002b6a0, 0x000002896002b7f8]
Event: 18.362 Thread 0x0000028975708800 6086       1       org.apache.http.message.BasicHeader::getName (5 bytes)
Event: 18.362 Thread 0x0000028975708800 nmethod 6086 0x0000028966de6a10 code [0x0000028966de6ba0, 0x0000028966de6c78]
Event: 18.371 Thread 0x0000028975708800 6088       3       com.fasterxml.jackson.databind.util.LRUMap::get (9 bytes)
Event: 18.372 Thread 0x0000028975708800 nmethod 6088 0x000002896002b890 code [0x000002896002ba40, 0x000002896002bc28]
Event: 18.374 Thread 0x0000028975708800 6089       3       com.fasterxml.jackson.databind.type.TypeFactory::_applyModifiers (120 bytes)
Event: 18.376 Thread 0x0000028975708800 nmethod 6089 0x000002896002bd10 code [0x000002896002c000, 0x000002896002d3f8]
Event: 18.384 Thread 0x0000028975708800 6091       1       com.fasterxml.jackson.databind.introspect.BasicBeanDescription::getClassInfo (5 bytes)
Event: 18.384 Thread 0x0000028975708800 nmethod 6091 0x0000028966de6d10 code [0x0000028966de6ea0, 0x0000028966de6f78]
Event: 18.415 Thread 0x0000028975708800 6092       3       java.security.MessageDigestSpi::<init> (5 bytes)
Event: 18.416 Thread 0x0000028975708800 nmethod 6092 0x000002896002da10 code [0x000002896002dba0, 0x000002896002dd18]
Event: 18.459 Thread 0x0000028975708800 6094       1       java.util.ResourceBundle$CacheKey::getName (5 bytes)
Event: 18.459 Thread 0x0000028975708800 nmethod 6094 0x0000028966de7410 code [0x0000028966de75a0, 0x0000028966de7678]
Event: 18.530 Thread 0x0000028975708800 6096       3       java.nio.charset.CoderResult::isError (14 bytes)
Event: 18.530 Thread 0x0000028975708800 nmethod 6096 0x000002896002de10 code [0x000002896002dfa0, 0x000002896002e118]
Event: 18.545 Thread 0x0000028975708800 6098       3       java.util.Properties::load0 (249 bytes)
Event: 18.546 Thread 0x0000028975708800 nmethod 6098 0x000002896002e190 code [0x000002896002e3c0, 0x000002896002ee08]
Event: 18.546 Thread 0x0000028975708800 6099       3       org.apache.catalina.core.DefaultInstanceManager::findLifecycleCallback (126 bytes)
Event: 18.549 Thread 0x0000028975708800 nmethod 6099 0x000002896002f110 code [0x000002896002f560, 0x00000289600312d8]

GC Heap History (20 events):
Event: 9.827 GC heap before
{Heap before GC invocations=15 (full 0):
 garbage-first heap   total 61440K, used 47633K [0x0000000081c00000, 0x0000000100000000)
  region size 1024K, 31 young (31744K), 3 survivors (3072K)
 Metaspace       used 35833K, capacity 36811K, committed 37040K, reserved 1081344K
  class space    used 4634K, capacity 5034K, committed 5120K, reserved 1048576K
}
Event: 9.836 GC heap after
{Heap after GC invocations=16 (full 0):
 garbage-first heap   total 61440K, used 19429K [0x0000000081c00000, 0x0000000100000000)
  region size 1024K, 1 young (1024K), 1 survivors (1024K)
 Metaspace       used 35833K, capacity 36811K, committed 37040K, reserved 1081344K
  class space    used 4634K, capacity 5034K, committed 5120K, reserved 1048576K
}
Event: 9.851 GC heap before
{Heap before GC invocations=16 (full 0):
 garbage-first heap   total 61440K, used 48101K [0x0000000081c00000, 0x0000000100000000)
  region size 1024K, 30 young (30720K), 1 survivors (1024K)
 Metaspace       used 35838K, capacity 36811K, committed 37040K, reserved 1081344K
  class space    used 4634K, capacity 5034K, committed 5120K, reserved 1048576K
}
Event: 9.855 GC heap after
{Heap after GC invocations=17 (full 0):
 garbage-first heap   total 73728K, used 19329K [0x0000000081c00000, 0x0000000100000000)
  region size 1024K, 1 young (1024K), 1 survivors (1024K)
 Metaspace       used 35838K, capacity 36811K, committed 37040K, reserved 1081344K
  class space    used 4634K, capacity 5034K, committed 5120K, reserved 1048576K
}
Event: 10.564 GC heap before
{Heap before GC invocations=17 (full 0):
 garbage-first heap   total 73728K, used 58241K [0x0000000081c00000, 0x0000000100000000)
  region size 1024K, 40 young (40960K), 1 survivors (1024K)
 Metaspace       used 38789K, capacity 39868K, committed 40112K, reserved 1083392K
  class space    used 4963K, capacity 5369K, committed 5376K, reserved 1048576K
}
Event: 10.570 GC heap after
{Heap after GC invocations=18 (full 0):
 garbage-first heap   total 73728K, used 20640K [0x0000000081c00000, 0x0000000100000000)
  region size 1024K, 3 young (3072K), 3 survivors (3072K)
 Metaspace       used 38789K, capacity 39868K, committed 40112K, reserved 1083392K
  class space    used 4963K, capacity 5369K, committed 5376K, reserved 1048576K
}
Event: 11.061 GC heap before
{Heap before GC invocations=18 (full 0):
 garbage-first heap   total 73728K, used 58528K [0x0000000081c00000, 0x0000000100000000)
  region size 1024K, 40 young (40960K), 3 survivors (3072K)
 Metaspace       used 41667K, capacity 42708K, committed 42928K, reserved 1087488K
  class space    used 5429K, capacity 5844K, committed 5888K, reserved 1048576K
}
Event: 11.068 GC heap after
{Heap after GC invocations=19 (full 0):
 garbage-first heap   total 73728K, used 22027K [0x0000000081c00000, 0x0000000100000000)
  region size 1024K, 4 young (4096K), 4 survivors (4096K)
 Metaspace       used 41667K, capacity 42708K, committed 42928K, reserved 1087488K
  class space    used 5429K, capacity 5844K, committed 5888K, reserved 1048576K
}
Event: 11.594 GC heap before
{Heap before GC invocations=19 (full 0):
 garbage-first heap   total 73728K, used 58891K [0x0000000081c00000, 0x0000000100000000)
  region size 1024K, 40 young (40960K), 4 survivors (4096K)
 Metaspace       used 44794K, capacity 45912K, committed 46000K, reserved 1089536K
  class space    used 5948K, capacity 6356K, committed 6400K, reserved 1048576K
}
Event: 11.603 GC heap after
{Heap after GC invocations=20 (full 0):
 garbage-first heap   total 73728K, used 23575K [0x0000000081c00000, 0x0000000100000000)
  region size 1024K, 3 young (3072K), 3 survivors (3072K)
 Metaspace       used 44794K, capacity 45912K, committed 46000K, reserved 1089536K
  class space    used 5948K, capacity 6356K, committed 6400K, reserved 1048576K
}
Event: 12.533 GC heap before
{Heap before GC invocations=20 (full 0):
 garbage-first heap   total 73728K, used 59415K [0x0000000081c00000, 0x0000000100000000)
  region size 1024K, 39 young (39936K), 3 survivors (3072K)
 Metaspace       used 49068K, capacity 50281K, committed 50480K, reserved 1093632K
  class space    used 6529K, capacity 6994K, committed 7040K, reserved 1048576K
}
Event: 12.544 GC heap after
{Heap after GC invocations=21 (full 0):
 garbage-first heap   total 73728K, used 25611K [0x0000000081c00000, 0x0000000100000000)
  region size 1024K, 4 young (4096K), 4 survivors (4096K)
 Metaspace       used 49068K, capacity 50281K, committed 50480K, reserved 1093632K
  class space    used 6529K, capacity 6994K, committed 7040K, reserved 1048576K
}
Event: 13.978 GC heap before
{Heap before GC invocations=21 (full 0):
 garbage-first heap   total 73728K, used 58379K [0x0000000081c00000, 0x0000000100000000)
  region size 1024K, 36 young (36864K), 4 survivors (4096K)
 Metaspace       used 52625K, capacity 53883K, committed 54064K, reserved 1095680K
  class space    used 6981K, capacity 7488K, committed 7552K, reserved 1048576K
}
Event: 13.988 GC heap after
{Heap after GC invocations=22 (full 0):
 garbage-first heap   total 89088K, used 27492K [0x0000000081c00000, 0x0000000100000000)
  region size 1024K, 4 young (4096K), 4 survivors (4096K)
 Metaspace       used 52625K, capacity 53883K, committed 54064K, reserved 1095680K
  class space    used 6981K, capacity 7488K, committed 7552K, reserved 1048576K
}
Event: 16.335 GC heap before
{Heap before GC invocations=22 (full 0):
 garbage-first heap   total 89088K, used 71524K [0x0000000081c00000, 0x0000000100000000)
  region size 1024K, 48 young (49152K), 4 survivors (4096K)
 Metaspace       used 58358K, capacity 59636K, committed 59952K, reserved 1101824K
  class space    used 7701K, capacity 8206K, committed 8320K, reserved 1048576K
}
Event: 16.347 GC heap after
{Heap after GC invocations=23 (full 0):
 garbage-first heap   total 89088K, used 30517K [0x0000000081c00000, 0x0000000100000000)
  region size 1024K, 5 young (5120K), 5 survivors (5120K)
 Metaspace       used 58358K, capacity 59636K, committed 59952K, reserved 1101824K
  class space    used 7701K, capacity 8206K, committed 8320K, reserved 1048576K
}
Event: 16.461 GC heap before
{Heap before GC invocations=23 (full 0):
 garbage-first heap   total 89088K, used 34613K [0x0000000081c00000, 0x0000000100000000)
  region size 1024K, 10 young (10240K), 5 survivors (5120K)
 Metaspace       used 58873K, capacity 60133K, committed 60208K, reserved 1101824K
  class space    used 7788K, capacity 8308K, committed 8320K, reserved 1048576K
}
Event: 16.469 GC heap after
{Heap after GC invocations=24 (full 0):
 garbage-first heap   total 89088K, used 31068K [0x0000000081c00000, 0x0000000100000000)
  region size 1024K, 4 young (4096K), 4 survivors (4096K)
 Metaspace       used 58873K, capacity 60133K, committed 60208K, reserved 1101824K
  class space    used 7788K, capacity 8308K, committed 8320K, reserved 1048576K
}
Event: 17.476 GC heap before
{Heap before GC invocations=25 (full 0):
 garbage-first heap   total 89088K, used 72028K [0x0000000081c00000, 0x0000000100000000)
  region size 1024K, 44 young (45056K), 4 survivors (4096K)
 Metaspace       used 62908K, capacity 64203K, committed 64540K, reserved 1105920K
  class space    used 8449K, capacity 8973K, committed 9068K, reserved 1048576K
}
Event: 17.483 GC heap after
{Heap after GC invocations=26 (full 0):
 garbage-first heap   total 89088K, used 32311K [0x0000000081c00000, 0x0000000100000000)
  region size 1024K, 5 young (5120K), 5 survivors (5120K)
 Metaspace       used 62908K, capacity 64203K, committed 64540K, reserved 1105920K
  class space    used 8449K, capacity 8973K, committed 9068K, reserved 1048576K
}

Deoptimization events (20 events):
Event: 17.777 Thread 0x000002897958d000 DEOPT PACKING pc=0x0000028966ca0598 sp=0x00000091bc4fb530
Event: 17.777 Thread 0x000002897958d000 DEOPT UNPACKING pc=0x000002895ef8912f sp=0x00000091bc4fb498 mode 2
Event: 17.778 Thread 0x000002897958d000 Uncommon trap: trap_request=0xffffffc6 fr.pc=0x0000028966d3e8dc relative=0x000000000000099c
Event: 17.778 Thread 0x000002897958d000 Uncommon trap: reason=bimorphic_or_optimized_type_check action=maybe_recompile pc=0x0000028966d3e8dc method=java.util.regex.Pattern$SliceI.match(Ljava/util/regex/Matcher;ILjava/lang/CharSequence;)Z @ 92 c2
Event: 17.778 Thread 0x000002897958d000 DEOPT PACKING pc=0x0000028966d3e8dc sp=0x00000091bc4fc560
Event: 17.778 Thread 0x000002897958d000 DEOPT UNPACKING pc=0x000002895ef8912f sp=0x00000091bc4fc508 mode 2
Event: 17.923 Thread 0x0000028954cc3800 Uncommon trap: trap_request=0xffffffc6 fr.pc=0x0000028966cb5aa0 relative=0x0000000000002480
Event: 17.923 Thread 0x0000028954cc3800 Uncommon trap: reason=bimorphic_or_optimized_type_check action=maybe_recompile pc=0x0000028966cb5aa0 method=java.util.zip.InflaterInputStream.read([BII)I @ 100 c2
Event: 17.923 Thread 0x0000028954cc3800 DEOPT PACKING pc=0x0000028966cb5aa0 sp=0x00000091ba9fb6b0
Event: 17.923 Thread 0x0000028954cc3800 DEOPT UNPACKING pc=0x000002895ef8912f sp=0x00000091ba9fb720 mode 2
Event: 18.036 Thread 0x0000028954cc3800 Uncommon trap: trap_request=0xffffffc6 fr.pc=0x0000028966cb5aa0 relative=0x0000000000002480
Event: 18.036 Thread 0x0000028954cc3800 Uncommon trap: reason=bimorphic_or_optimized_type_check action=maybe_recompile pc=0x0000028966cb5aa0 method=java.util.zip.InflaterInputStream.read([BII)I @ 100 c2
Event: 18.036 Thread 0x0000028954cc3800 DEOPT PACKING pc=0x0000028966cb5aa0 sp=0x00000091ba9fb0c0
Event: 18.036 Thread 0x0000028954cc3800 DEOPT UNPACKING pc=0x000002895ef8912f sp=0x00000091ba9fb130 mode 2
Event: 18.405 Thread 0x000002897d877000 Uncommon trap: trap_request=0xffffff45 fr.pc=0x0000028966d53320 relative=0x0000000000000260
Event: 18.405 Thread 0x000002897d877000 Uncommon trap: reason=unstable_if action=reinterpret pc=0x0000028966d53320 method=java.io.ByteArrayInputStream.read()I @ 8 c2
Event: 18.405 Thread 0x000002897d877000 DEOPT PACKING pc=0x0000028966d53320 sp=0x00000091bcdfe6b0
Event: 18.405 Thread 0x000002897d877000 DEOPT UNPACKING pc=0x000002895ef8912f sp=0x00000091bcdfe668 mode 2
Event: 18.545 Thread 0x0000028954cc3800 DEOPT PACKING pc=0x000002895fe01ce1 sp=0x00000091ba9fcfb0
Event: 18.545 Thread 0x0000028954cc3800 DEOPT UNPACKING pc=0x000002895ef8964e sp=0x00000091ba9fc4a8 mode 0

Classes unloaded (0 events):
No events

Classes redefined (0 events):
No events

Internal exceptions (20 events):
Event: 12.418 Thread 0x0000028954cc3800 Exception <a 'java/lang/ClassNotFoundException'{0x0000000084652d20}: java/lang/ObjectCustomizer> (0x0000000084652d20) 
thrown [./src/hotspot/share/classfile/systemDictionary.cpp, line 226]
Event: 12.419 Thread 0x0000028954cc3800 Exception <a 'java/lang/ClassNotFoundException'{0x000000008466ebf0}: org/springframework/aop/framework/ProxyConfigCustomizer> (0x000000008466ebf0) 
thrown [./src/hotspot/share/classfile/systemDictionary.cpp, line 226]
Event: 12.420 Thread 0x0000028954cc3800 Exception <a 'java/lang/ClassNotFoundException'{0x000000008468f710}: org/springframework/aop/scope/ScopedProxyFactoryBeanCustomizer> (0x000000008468f710) 
thrown [./src/hotspot/share/classfile/systemDictionary.cpp, line 226]
Event: 12.421 Thread 0x0000028954cc3800 Exception <a 'java/lang/ClassNotFoundException'{0x00000000846b69f0}: org/springframework/cloud/context/scope/GenericScope$LockedScopedProxyFactoryBeanCustomizer> (0x00000000846b69f0) 
thrown [./src/hotspot/share/classfile/systemDictionary.cpp, line 226]
Event: 12.423 Thread 0x0000028954cc3800 Exception <a 'java/lang/ClassNotFoundException'{0x00000000846dca80}: org/aopalliance/intercept/MethodInterceptorCustomizer> (0x00000000846dca80) 
thrown [./src/hotspot/share/classfile/systemDictionary.cpp, line 226]
Event: 12.424 Thread 0x0000028954cc3800 Exception <a 'java/lang/ClassNotFoundException'{0x00000000846f43b8}: org/aopalliance/intercept/InterceptorCustomizer> (0x00000000846f43b8) 
thrown [./src/hotspot/share/classfile/systemDictionary.cpp, line 226]
Event: 12.424 Thread 0x0000028954cc3800 Exception <a 'java/lang/ClassNotFoundException'{0x000000008455a898}: org/aopalliance/aop/AdviceCustomizer> (0x000000008455a898) 
thrown [./src/hotspot/share/classfile/systemDictionary.cpp, line 226]
Event: 12.425 Thread 0x0000028954cc3800 Exception <a 'java/lang/ClassNotFoundException'{0x00000000845733b8}: org/springframework/beans/factory/FactoryBeanCustomizer> (0x00000000845733b8) 
thrown [./src/hotspot/share/classfile/systemDictionary.cpp, line 226]
Event: 12.426 Thread 0x0000028954cc3800 Exception <a 'java/lang/ClassNotFoundException'{0x0000000084591348}: org/springframework/beans/factory/BeanFactoryAwareCustomizer> (0x0000000084591348) 
thrown [./src/hotspot/share/classfile/systemDictionary.cpp, line 226]
Event: 12.427 Thread 0x0000028954cc3800 Exception <a 'java/lang/ClassNotFoundException'{0x00000000845a9690}: org/springframework/beans/factory/AwareCustomizer> (0x00000000845a9690) 
thrown [./src/hotspot/share/classfile/systemDictionary.cpp, line 226]
Event: 12.428 Thread 0x0000028954cc3800 Exception <a 'java/lang/ClassNotFoundException'{0x00000000845c3c78}: org/springframework/aop/framework/AopInfrastructureBeanCustomizer> (0x00000000845c3c78) 
thrown [./src/hotspot/share/classfile/systemDictionary.cpp, line 226]
Event: 13.148 Thread 0x000002897958d000 Exception <a 'java/lang/NoSuchMethodError'{0x0000000086ab9fd0}: 'java.lang.Object java.lang.invoke.DirectMethodHandle$Holder.invokeStaticInit(java.lang.Object, java.lang.Object, java.lang.Object, java.lang.Object)'> (0x0000000086ab9fd0) 
thrown [./src/hotspot/share/interpreter/linkResolver.cpp, line 766]
Event: 13.885 Thread 0x0000028954cc3800 Exception <a 'java/lang/IncompatibleClassChangeError'{0x00000000846ab768}: Found class java.lang.Object, but interface was expected> (0x00000000846ab768) 
thrown [./src/hotspot/share/interpreter/linkResolver.cpp, line 832]
Event: 13.974 Thread 0x0000028954cc3800 Implicit null exception at 0x0000028966b4070f to 0x0000028966b40f70
Event: 14.357 Thread 0x000002897958d000 Exception <a 'java/lang/NoSuchMethodError'{0x0000000086999fa8}: 'java.lang.Object java.lang.invoke.DirectMethodHandle$Holder.newInvokeSpecial(java.lang.Object, java.lang.Object, int, java.lang.Object, java.lang.Object)'> (0x0000000086999fa8) 
thrown [./src/hotspot/share/interpreter/linkResolver.cpp, line 766]
Event: 17.020 Thread 0x0000028954cc3800 Implicit null exception at 0x0000028966b2e186 to 0x0000028966b2e8c0
Event: 17.334 Thread 0x0000028954cc3800 Exception <a 'java/lang/NoClassDefFoundError'{0x0000000084faa420}: javax/mail/internet/ParseException> (0x0000000084faa420) 
thrown [./src/hotspot/share/classfile/systemDictionary.cpp, line 215]
Event: 17.465 Thread 0x0000028954cc3800 Exception <a 'java/lang/NoClassDefFoundError'{0x00000000847895d0}: javax/mail/internet/ParseException> (0x00000000847895d0) 
thrown [./src/hotspot/share/classfile/systemDictionary.cpp, line 215]
Event: 17.610 Thread 0x000002897958d000 Exception <a 'java/lang/NoSuchMethodError'{0x0000000086ea48d0}: 'void java.lang.invoke.DirectMethodHandle$Holder.invokeInterface(java.lang.Object, java.lang.Object)'> (0x0000000086ea48d0) 
thrown [./src/hotspot/share/interpreter/linkResolver.cpp, line 766]
Event: 17.699 Thread 0x000002897958d000 Exception <a 'java/lang/NoSuchMethodError'{0x0000000086a231d0}: 'java.lang.Object java.lang.invoke.DirectMethodHandle$Holder.invokeStaticInit(java.lang.Object, java.lang.Object, java.lang.Object, java.lang.Object, int, int)'> (0x0000000086a231d0) 
thrown [./src/hotspot/share/interpreter/linkResolver.cpp, line 766]

Events (20 events):
Event: 18.450 loading class java/nio/channels/CancelledKeyException done
Event: 18.455 Thread 0x000002897d877800 Thread added: 0x000002897d877800
Event: 18.456 loading class java/nio/channels/spi/AbstractSelector$1
Event: 18.456 loading class java/nio/channels/spi/AbstractSelector$1 done
Event: 18.461 Thread 0x0000028976e88800 Thread added: 0x0000028976e88800
Event: 18.461 Thread 0x0000028976e85000 Thread added: 0x0000028976e85000
Event: 18.461 Thread 0x0000028976e89000 Thread added: 0x0000028976e89000
Event: 18.462 Thread 0x0000028976e8a000 Thread added: 0x0000028976e8a000
Event: 18.462 Thread 0x0000028976e8b000 Thread added: 0x0000028976e8b000
Event: 18.462 Thread 0x0000028976e87800 Thread added: 0x0000028976e87800
Event: 18.462 Thread 0x0000028976e87000 Thread added: 0x0000028976e87000
Event: 18.462 Thread 0x0000028976e8b800 Thread added: 0x0000028976e8b800
Event: 18.462 Thread 0x0000028976e86000 Thread added: 0x0000028976e86000
Event: 18.462 Thread 0x000002897c5a6000 Thread added: 0x000002897c5a6000
Event: 18.468 Thread 0x000002897c5ac800 Thread added: 0x000002897c5ac800
Event: 18.469 Thread 0x000002897c5aa800 Thread added: 0x000002897c5aa800
Event: 18.506 loading class java/util/TreeMap$ValueSpliterator
Event: 18.506 loading class java/util/TreeMap$TreeMapSpliterator
Event: 18.527 loading class java/util/TreeMap$TreeMapSpliterator done
Event: 18.527 loading class java/util/TreeMap$ValueSpliterator done


Dynamic libraries:
0x00007ff618a90000 - 0x00007ff618a9d000 	C:\Program Files\AdoptOpenJDK\jdk-14.0.2.12-hotspot\bin\javaw.exe
0x00007ffdee8b0000 - 0x00007ffdeeaa6000 	C:\WINDOWS\SYSTEM32\ntdll.dll
0x00007ffdec920000 - 0x00007ffdec9dd000 	C:\WINDOWS\System32\KERNEL32.DLL
0x00007ffdec620000 - 0x00007ffdec8e8000 	C:\WINDOWS\System32\KERNELBASE.dll
0x00007ffdec520000 - 0x00007ffdec620000 	C:\WINDOWS\System32\ucrtbase.dll
0x00007ffdd89f0000 - 0x00007ffdd8a05000 	C:\Program Files\AdoptOpenJDK\jdk-14.0.2.12-hotspot\bin\VCRUNTIME140.dll
0x00007ffde56c0000 - 0x00007ffde56d8000 	C:\Program Files\AdoptOpenJDK\jdk-14.0.2.12-hotspot\bin\jli.dll
0x00007ffdeda90000 - 0x00007ffdedc30000 	C:\WINDOWS\System32\USER32.dll
0x00007ffde0a60000 - 0x00007ffde0cfb000 	C:\WINDOWS\WinSxS\amd64_microsoft.windows.common-controls_6595b64144ccf1df_6.0.19041.488_none_ca04af081b815d21\COMCTL32.dll
0x00007ffdec390000 - 0x00007ffdec3b2000 	C:\WINDOWS\System32\win32u.dll
0x00007ffded9f0000 - 0x00007ffdeda8e000 	C:\WINDOWS\System32\msvcrt.dll
0x00007ffdedfe0000 - 0x00007ffdee00a000 	C:\WINDOWS\System32\GDI32.dll
0x00007ffdec220000 - 0x00007ffdec329000 	C:\WINDOWS\System32\gdi32full.dll
0x00007ffdec180000 - 0x00007ffdec21d000 	C:\WINDOWS\System32\msvcp_win.dll
0x00007ffdede10000 - 0x00007ffdede40000 	C:\WINDOWS\System32\IMM32.DLL
0x00007ffdb3c70000 - 0x00007ffdb3d0b000 	C:\Program Files\AdoptOpenJDK\jdk-14.0.2.12-hotspot\bin\msvcp140.dll
0x00007ffd88390000 - 0x00007ffd88f24000 	C:\Program Files\AdoptOpenJDK\jdk-14.0.2.12-hotspot\bin\server\jvm.dll
0x00007ffdecd40000 - 0x00007ffdecdea000 	C:\WINDOWS\System32\ADVAPI32.dll
0x00007ffded8a0000 - 0x00007ffded93b000 	C:\WINDOWS\System32\sechost.dll
0x00007ffdedc30000 - 0x00007ffdedd54000 	C:\WINDOWS\System32\RPCRT4.dll
0x00007ffded800000 - 0x00007ffded808000 	C:\WINDOWS\System32\PSAPI.DLL
0x00007ffdd7080000 - 0x00007ffdd7089000 	C:\WINDOWS\SYSTEM32\WSOCK32.dll
0x00007ffded790000 - 0x00007ffded7fb000 	C:\WINDOWS\System32\WS2_32.dll
0x00007ffde4220000 - 0x00007ffde4247000 	C:\WINDOWS\SYSTEM32\WINMM.dll
0x00007ffde4250000 - 0x00007ffde425a000 	C:\WINDOWS\SYSTEM32\VERSION.dll
0x00007ffde9e00000 - 0x00007ffde9e12000 	C:\WINDOWS\SYSTEM32\kernel.appcore.dll
0x00007ffde7c80000 - 0x00007ffde7c8a000 	C:\Program Files\AdoptOpenJDK\jdk-14.0.2.12-hotspot\bin\jimage.dll
0x00007ffdd35d0000 - 0x00007ffdd37b4000 	C:\WINDOWS\SYSTEM32\DBGHELP.DLL
0x00007ffdd3270000 - 0x00007ffdd329c000 	C:\WINDOWS\SYSTEM32\dbgcore.DLL
0x00007ffdec0b0000 - 0x00007ffdec12f000 	C:\WINDOWS\System32\bcryptPrimitives.dll
0x00007ffdd58c0000 - 0x00007ffdd58e5000 	C:\Program Files\AdoptOpenJDK\jdk-14.0.2.12-hotspot\bin\java.dll
0x00007ffdd5e90000 - 0x00007ffdd5ea6000 	C:\Program Files\AdoptOpenJDK\jdk-14.0.2.12-hotspot\bin\zip.dll
0x00007ffdecff0000 - 0x00007ffded730000 	C:\WINDOWS\System32\SHELL32.dll
0x00007ffdea110000 - 0x00007ffdea8a4000 	C:\WINDOWS\SYSTEM32\windows.storage.dll
0x00007ffdec9e0000 - 0x00007ffdecd35000 	C:\WINDOWS\System32\combase.dll
0x00007ffdeb8d0000 - 0x00007ffdeb8fc000 	C:\WINDOWS\SYSTEM32\Wldp.dll
0x00007ffded940000 - 0x00007ffded9ee000 	C:\WINDOWS\System32\SHCORE.dll
0x00007ffdee340000 - 0x00007ffdee395000 	C:\WINDOWS\System32\shlwapi.dll
0x00007ffdebf30000 - 0x00007ffdebf56000 	C:\WINDOWS\SYSTEM32\profapi.dll
0x00007ffdd50e0000 - 0x00007ffdd50f9000 	C:\Program Files\AdoptOpenJDK\jdk-14.0.2.12-hotspot\bin\net.dll
0x00007ffde1fc0000 - 0x00007ffde20c0000 	C:\WINDOWS\SYSTEM32\WINHTTP.dll
0x00007ffdeb6c0000 - 0x00007ffdeb72a000 	C:\WINDOWS\system32\mswsock.dll
0x00007ffdd0db0000 - 0x00007ffdd0dc2000 	C:\Program Files\AdoptOpenJDK\jdk-14.0.2.12-hotspot\bin\nio.dll
0x00007ffdd7040000 - 0x00007ffdd7050000 	C:\Program Files\AdoptOpenJDK\jdk-14.0.2.12-hotspot\bin\verify.dll
0x00007ffdeb3d0000 - 0x00007ffdeb40b000 	C:\WINDOWS\SYSTEM32\IPHLPAPI.DLL
0x00007ffdede40000 - 0x00007ffdede49000 	C:\WINDOWS\System32\NSI.dll
0x00007ffde3e20000 - 0x00007ffde3e37000 	C:\WINDOWS\SYSTEM32\dhcpcsvc6.DLL
0x00007ffde3e00000 - 0x00007ffde3e1d000 	C:\WINDOWS\SYSTEM32\dhcpcsvc.DLL
0x00007ffdeb420000 - 0x00007ffdeb4eb000 	C:\WINDOWS\SYSTEM32\DNSAPI.dll
0x00007ffddfc30000 - 0x00007ffddfc3a000 	C:\Windows\System32\rasadhlp.dll
0x00007ffde1900000 - 0x00007ffde197f000 	C:\WINDOWS\System32\fwpuclnt.dll
0x00007ffdec8f0000 - 0x00007ffdec917000 	C:\WINDOWS\System32\bcrypt.dll
0x00007ffdd89c0000 - 0x00007ffdd89c9000 	C:\Program Files\AdoptOpenJDK\jdk-14.0.2.12-hotspot\bin\management.dll
0x00007ffdd88c0000 - 0x00007ffdd88cb000 	C:\Program Files\AdoptOpenJDK\jdk-14.0.2.12-hotspot\bin\management_ext.dll
0x00007ffdb74f0000 - 0x00007ffdb7507000 	C:\WINDOWS\system32\napinsp.dll
0x00007ffdb74d0000 - 0x00007ffdb74eb000 	C:\WINDOWS\system32\pnrpnsp.dll
0x00007ffde64b0000 - 0x00007ffde64c5000 	C:\WINDOWS\system32\wshbth.dll
0x00007ffde7ba0000 - 0x00007ffde7bbd000 	C:\WINDOWS\system32\NLAapi.dll
0x00007ffdb74b0000 - 0x00007ffdb74c2000 	C:\WINDOWS\System32\winrnr.dll
0x00007ffdebac0000 - 0x00007ffdebad8000 	C:\WINDOWS\SYSTEM32\CRYPTSP.dll
0x00007ffdeb070000 - 0x00007ffdeb0a4000 	C:\WINDOWS\system32\rsaenh.dll
0x00007ffdebef0000 - 0x00007ffdebf1e000 	C:\WINDOWS\SYSTEM32\USERENV.dll
0x00007ffdeb840000 - 0x00007ffdeb84c000 	C:\WINDOWS\SYSTEM32\CRYPTBASE.dll
0x00007ffdd6690000 - 0x00007ffdd66b5000 	C:\Program Files\AdoptOpenJDK\jdk-14.0.2.12-hotspot\bin\sunec.dll

dbghelp: loaded successfully - version: 4.0.5 - missing functions: none
symbol engine: initialized successfully - sym options: 0x614 - pdb path: .;C:\Program Files\AdoptOpenJDK\jdk-14.0.2.12-hotspot\bin;C:\WINDOWS\SYSTEM32;C:\WINDOWS\WinSxS\amd64_microsoft.windows.common-controls_6595b64144ccf1df_6.0.19041.488_none_ca04af081b815d21;C:\Program Files\AdoptOpenJDK\jdk-14.0.2.12-hotspot\bin\server

VM Arguments:
jvm_args: -Dfile.encoding=UTF-8 
java_command: com.fiap.ralfmed.ticketamazonservice.TicketAmazonServiceApplication
java_class_path (initial): C:\Users\Rafael ^^\Desktop\fiap-mba-case-amazon-main (1)\fiap-mba-case-amazon-main\services-architecture\ticket-amazon-service\target\classes;C:\Users\Rafael ^^\.m2\repository\org\springframework\cloud\spring-cloud-starter-netflix-eureka-client\2.2.5.RELEASE\spring-cloud-starter-netflix-eureka-client-2.2.5.RELEASE.jar;C:\Users\Rafael ^^\.m2\repository\org\springframework\cloud\spring-cloud-starter\2.2.5.RELEASE\spring-cloud-starter-2.2.5.RELEASE.jar;C:\Users\Rafael ^^\.m2\repository\org\springframework\cloud\spring-cloud-context\2.2.5.RELEASE\spring-cloud-context-2.2.5.RELEASE.jar;C:\Users\Rafael ^^\.m2\repository\org\springframework\security\spring-security-crypto\5.3.4.RELEASE\spring-security-crypto-5.3.4.RELEASE.jar;C:\Users\Rafael ^^\.m2\repository\org\springframework\cloud\spring-cloud-commons\2.2.5.RELEASE\spring-cloud-commons-2.2.5.RELEASE.jar;C:\Users\Rafael ^^\.m2\repository\org\springframework\security\spring-security-rsa\1.0.9.RELEASE\spring-security-rsa-1.0.9.RELEASE.jar;C:\Users\Rafael ^^\.m2\repository\org\bouncycastle\bcpkix-jdk15on\1.64\bcpkix-jdk15on-1.64.jar;C:\Users\Rafael ^^\.m2\repository\org\bouncycastle\bcprov-jdk15on\1.64\bcprov-jdk15on-1.64.jar;C:\Users\Rafael ^^\.m2\repository\org\springframework\cloud\spring-cloud-netflix-hystrix\2.2.5.RELEASE\spring-cloud-netflix-hystrix-2.2.5.RELEASE.jar;C:\Users\Rafael ^^\.m2\repository\org\springframework\boot\spring-boot-autoconfigure\2.3.4.RELEASE\spring-boot-autoconfigure-2.3.4.RELEASE.jar;C:\Users\Rafael ^^\.m2\repository\org\springframework\cloud\spring-cloud-netflix-eureka-client\2.2.5.RELEASE\spring-cloud-netflix-eureka-client-2.2.5.RELEASE.jar;C:\Users\Rafael ^^\.m2\repository\com\netflix\eureka\eureka-client\1.9.25\eureka-client-1.9.25.jar;C:\Users\Rafael ^^\.m2\repository\org\codehaus\jettison\jettison\1.3.7\jettison-1.3.7.jar;C:\Users\Rafael ^^\.m2\repository\stax\stax-api\1.0.1\stax-api-1.0.1.jar;C:\Users\Rafael ^^\.m2\repository\com\netflix\netflix-commons\netf
Launcher Type: SUN_STANDARD

[Global flags]
     intx CICompilerCount                          = 3                                         {product} {ergonomic}
     uint ConcGCThreads                            = 1                                         {product} {ergonomic}
     uint G1ConcRefinementThreads                  = 4                                         {product} {ergonomic}
   size_t G1HeapRegionSize                         = 1048576                                   {product} {ergonomic}
    uintx GCDrainStackTargetSize                   = 64                                        {product} {ergonomic}
   size_t InitialHeapSize                          = 134217728                                 {product} {ergonomic}
   size_t MarkStackSize                            = 4194304                                   {product} {ergonomic}
   size_t MaxHeapSize                              = 2118123520                                {product} {ergonomic}
   size_t MaxNewSize                               = 1270874112                                {product} {ergonomic}
   size_t MinHeapDeltaBytes                        = 1048576                                   {product} {ergonomic}
   size_t MinHeapSize                              = 8388608                                   {product} {ergonomic}
    uintx NonNMethodCodeHeapSize                   = 5832780                                {pd product} {ergonomic}
    uintx NonProfiledCodeHeapSize                  = 122912730                              {pd product} {ergonomic}
    uintx ProfiledCodeHeapSize                     = 122912730                              {pd product} {ergonomic}
    uintx ReservedCodeCacheSize                    = 251658240                              {pd product} {ergonomic}
     bool SegmentedCodeCache                       = true                                      {product} {ergonomic}
   size_t SoftMaxHeapSize                          = 2118123520                             {manageable} {ergonomic}
     bool UseCompressedClassPointers               = true                                 {lp64_product} {ergonomic}
     bool UseCompressedOops                        = true                                 {lp64_product} {ergonomic}
     bool UseG1GC                                  = true                                      {product} {ergonomic}
     bool UseLargePagesIndividualAllocation        = false                                  {pd product} {ergonomic}

Logging:
Log output configuration:
 #0: stdout all=warning uptime,level,tags
 #1: stderr all=off uptime,level,tags

Environment Variables:
PATH=C:/Program Files/AdoptOpenJDK/jdk-14.0.2.12-hotspot/bin/client;C:/Program Files/AdoptOpenJDK/jdk-14.0.2.12-hotspot/bin;C:\Program Files\AdoptOpenJDK\jdk-14.0.2.12-hotspot\bin;C:\Program Files (x86)\Common Files\Oracle\Java\javapath;C:\Program Files (x86)\Common Files\Intel\Shared Libraries\redist\ia32\mpirt;C:\Program Files (x86)\Common Files\Intel\Shared Libraries\redist\ia32\compiler;C:\WINDOWS\system32;C:\WINDOWS;C:\WINDOWS\System32\Wbem;C:\WINDOWS\System32\WindowsPowerShell\v1.0\;C:\WINDOWS\System32\OpenSSH\;C:\Go\bin;C:\Program Files (x86)\nodejs\;C:\Program Files\Docker\Docker\resources\bin;C:\ProgramData\DockerDesktop\version-bin;C:\Users\Rafael ^^\.windows-build-tools\python27\;C:\Users\Rafael ^^\AppData\Local\Microsoft\WindowsApps;C:\Users\Rafael ^^\go\bin;C:\Program Files\Microsoft VS Code\bin;C:\Users\Rafael ^^\AppData\Roaming\npm;C:\Users\Rafael ^^\Desktop\MBA Engenharia de Software\Microservices\apache-maven-3.6.3-bin\apache-maven-3.6.3\bin;C:\Users\Rafael ^^\AppData\Local\GitHubDesktop\bin;C:\Users\Rafael ^^\Desktop;
USERNAME=Rafael ^^
OS=Windows_NT
PROCESSOR_IDENTIFIER=Intel64 Family 6 Model 69 Stepping 1, GenuineIntel



---------------  S Y S T E M  ---------------

OS: Windows 10 , 64 bit Build 19041 (10.0.19041.546)
OS uptime: 0 days 19:48 hours
HyperV virtualization detected

CPU:total 4 (initial active 4) (2 cores per cpu, 2 threads per core) family 6 model 69 stepping 1, cmov, cx8, fxsr, mmx, sse, sse2, sse3, ssse3, sse4.1, sse4.2, popcnt, avx, avx2, aes, clmul, erms, lzcnt, ht, tsc, tscinvbit, bmi1, bmi2, fma

Memory: 4k page, system-wide physical 8075M (458M free)
TotalPageFile size 12075M (AvailPageFile size 5M)
current process WorkingSet (physical memory assigned to process): 298M, peak: 302M
current process commit charge ("private bytes"): 336M, peak: 338M

vm_info: OpenJDK 64-Bit Server VM (14.0.2+12) for windows-amd64 JRE (14.0.2+12), built on Jul 15 2020 11:30:16 by "" with MS VC++ 15.9 (VS2017)

END.
