#
# There is insufficient memory for the Java Runtime Environment to continue.
# Native memory allocation (malloc) failed to allocate 475616 bytes for Chunk::new
# Possible reasons:
#   The system is out of physical RAM or swap space
#   The process is running with CompressedOops enabled, and the Java Heap may be blocking the growth of the native heap
# Possible solutions:
#   Reduce memory load on the system
#   Increase physical memory or swap space
#   Check if swap backing store is full
#   Decrease Java heap size (-Xmx/-Xms)
#   Decrease number of Java threads
#   Decrease Java thread stack sizes (-Xss)
#   Set larger code cache with -XX:ReservedCodeCacheSize=
#   JVM is running with Unscaled Compressed Oops mode in which the Java heap is
#     placed in the first 4GB address space. The Java Heap base address is the
#     maximum limit for the native heap growth. Please use -XX:HeapBaseMinAddress
#     to set the Java Heap base and to place the Java Heap above 4GB virtual address.
# This output file may be truncated or incomplete.
#
#  Out of Memory Error (./src/hotspot/share/memory/arena.cpp:195), pid=15804, tid=14956
#
# JRE version: OpenJDK Runtime Environment AdoptOpenJDK (14.0.2+12) (build 14.0.2+12)
# Java VM: OpenJDK 64-Bit Server VM AdoptOpenJDK (14.0.2+12, mixed mode, sharing, tiered, compressed oops, g1 gc, windows-amd64)
# No core dump will be written. Minidumps are not enabled by default on client versions of Windows
#

---------------  S U M M A R Y ------------

Command Line: -Dclassworlds.conf=C:\Users\Rafael ^^\Desktop\MBA Engenharia de Software\Microservices\apache-maven-3.6.3-bin\apache-maven-3.6.3\bin\..\bin\m2.conf -Dmaven.home=C:\Users\Rafael ^^\Desktop\MBA Engenharia de Software\Microservices\apache-maven-3.6.3-bin\apache-maven-3.6.3\bin\.. -Dlibrary.jansi.path=C:\Users\Rafael ^^\Desktop\MBA Engenharia de Software\Microservices\apache-maven-3.6.3-bin\apache-maven-3.6.3\bin\..\lib\jansi-native -Dmaven.multiModuleProjectDirectory=C:\Users\Rafael ^^\Documents\GitHub\fiap-mba-case-amazon-main1\fiap-mba-case-amazon-main\services-architecture\ticket-amazon-service org.codehaus.plexus.classworlds.launcher.Launcher clean install

Host: Intel(R) Core(TM) i7-4500U CPU @ 1.80GHz, 4 cores, 7G,  Windows 10 , 64 bit Build 19041 (10.0.19041.546)
Time: Sat Oct 31 20:17:15 2020 E. South America Standard Time elapsed time: 27 seconds (0d 0h 0m 27s)

---------------  T H R E A D  ---------------

Current thread (0x000001634f4f5800):  JavaThread "C2 CompilerThread0" daemon [_thread_in_native, id=14956, stack(0x00000025bc900000,0x00000025bca00000)]


Current CompileTask:
C2:  27963 4055       4       org.eclipse.sisu.inject.LocatedBeans$Itr::hasNext (161 bytes)

Stack: [0x00000025bc900000,0x00000025bca00000]
Native frames: (J=compiled Java code, j=interpreted, Vv=VM code, C=native code)
V  [jvm.dll+0x5fd67a]
V  [jvm.dll+0x79785a]
V  [jvm.dll+0x79900f]
V  [jvm.dll+0x799653]
V  [jvm.dll+0x20f108]
V  [jvm.dll+0xace47]
V  [jvm.dll+0xad53c]
V  [jvm.dll+0x279514]
V  [jvm.dll+0x51033a]
V  [jvm.dll+0x1efdf6]
V  [jvm.dll+0x1e92ed]
V  [jvm.dll+0x1e6d58]
V  [jvm.dll+0x179d0c]
V  [jvm.dll+0x1f5f55]
V  [jvm.dll+0x1f413b]
V  [jvm.dll+0x75c3ad]
V  [jvm.dll+0x7551ba]
V  [jvm.dll+0x5fc4d6]
C  [ucrtbase.dll+0x214c2]
C  [KERNEL32.DLL+0x17034]
C  [ntdll.dll+0x4cec1]


---------------  P R O C E S S  ---------------

Threads class SMR info:
_java_thread_list=0x000001635124d520, length=11, elements={
0x0000016330a6b000, 0x000001634f4cd000, 0x000001634f4ce000, 0x000001634f4ef000,
0x000001634f4f2000, 0x000001634f4f3800, 0x000001634f4f5800, 0x000001634f4fa000,
0x000001634f4ff800, 0x000001634ff45000, 0x000001634ff66800
}

Java Threads: ( => current thread )
  0x0000016330a6b000 JavaThread "main" [_thread_in_native, id=10192, stack(0x00000025bbd00000,0x00000025bbe00000)]
  0x000001634f4cd000 JavaThread "Reference Handler" daemon [_thread_blocked, id=15920, stack(0x00000025bc400000,0x00000025bc500000)]
  0x000001634f4ce000 JavaThread "Finalizer" daemon [_thread_blocked, id=1016, stack(0x00000025bc500000,0x00000025bc600000)]
  0x000001634f4ef000 JavaThread "Signal Dispatcher" daemon [_thread_blocked, id=1848, stack(0x00000025bc600000,0x00000025bc700000)]
  0x000001634f4f2000 JavaThread "Attach Listener" daemon [_thread_blocked, id=12372, stack(0x00000025bc700000,0x00000025bc800000)]
  0x000001634f4f3800 JavaThread "Service Thread" daemon [_thread_blocked, id=16352, stack(0x00000025bc800000,0x00000025bc900000)]
=>0x000001634f4f5800 JavaThread "C2 CompilerThread0" daemon [_thread_in_native, id=14956, stack(0x00000025bc900000,0x00000025bca00000)]
  0x000001634f4fa000 JavaThread "C1 CompilerThread0" daemon [_thread_blocked, id=4040, stack(0x00000025bca00000,0x00000025bcb00000)]
  0x000001634f4ff800 JavaThread "Sweeper thread" daemon [_thread_blocked, id=15772, stack(0x00000025bcb00000,0x00000025bcc00000)]
  0x000001634ff45000 JavaThread "Notification Thread" daemon [_thread_blocked, id=10740, stack(0x00000025bcc00000,0x00000025bcd00000)]
  0x000001634ff66800 JavaThread "Common-Cleaner" daemon [_thread_blocked, id=2012, stack(0x00000025bce00000,0x00000025bcf00000)]

Other Threads:
  0x000001634f4cb800 VMThread "VM Thread" [stack: 0x00000025bc300000,0x00000025bc400000] [id=3760]
  0x000001634ff55800 WatcherThread [stack: 0x00000025bcd00000,0x00000025bce00000] [id=15952]
  0x0000016330ab1000 GCTaskThread "GC Thread#0" [stack: 0x00000025bbe00000,0x00000025bbf00000] [id=16204]
  0x00000163507b4000 GCTaskThread "GC Thread#1" [stack: 0x00000025bcf00000,0x00000025bd000000] [id=228]
  0x00000163507bb000 GCTaskThread "GC Thread#2" [stack: 0x00000025bd000000,0x00000025bd100000] [id=956]
  0x0000016330ac3800 ConcurrentGCThread "G1 Main Marker" [stack: 0x00000025bbf00000,0x00000025bc000000] [id=15528]
  0x0000016330ac5000 ConcurrentGCThread "G1 Conc#0" [stack: 0x00000025bc000000,0x00000025bc100000] [id=14632]
  0x0000016330b40800 ConcurrentGCThread "G1 Refine#0" [stack: 0x00000025bc100000,0x00000025bc200000] [id=15532]
  0x000001634f350800 ConcurrentGCThread "G1 Young RemSet Sampling" [stack: 0x00000025bc200000,0x00000025bc300000] [id=15860]

Threads with active compile tasks:
C2 CompilerThread0    28225 4055       4       org.eclipse.sisu.inject.LocatedBeans$Itr::hasNext (161 bytes)

VM state:not at safepoint (normal execution)

VM Mutex/Monitor currently owned by a thread: None

Heap address: 0x0000000081c00000, size: 2020 MB, Compressed Oops mode: 32-bit
Narrow klass base: 0x0000000800000000, Narrow klass shift: 3
Compressed class space size: 1073741824 Address: 0x0000000800b30000

Heap:
 garbage-first heap   total 131072K, used 51280K [0x0000000081c00000, 0x0000000100000000)
  region size 1024K, 40 young (40960K), 8 survivors (8192K)
 Metaspace       used 14888K, capacity 16283K, committed 16512K, reserved 1064960K
  class space    used 1624K, capacity 1876K, committed 1920K, reserved 1048576K
Heap Regions: E=young(eden), S=young(survivor), O=old, HS=humongous(starts), HC=humongous(continues), CS=collection set, F=free, OA=open archive, CA=closed archive, TAMS=top-at-mark-start (previous, next)
|   0|0x0000000081c00000, 0x0000000081d00000, 0x0000000081d00000|100%| O|  |TAMS 0x0000000081c00000, 0x0000000081c00000| Untracked 
|   1|0x0000000081d00000, 0x0000000081e00000, 0x0000000081e00000|100%| O|  |TAMS 0x0000000081d00000, 0x0000000081d00000| Untracked 
|   2|0x0000000081e00000, 0x0000000081f00000, 0x0000000081f00000|100%| O|  |TAMS 0x0000000081e00000, 0x0000000081e00000| Untracked 
|   3|0x0000000081f00000, 0x0000000082000000, 0x0000000082000000|100%| O|  |TAMS 0x0000000081f00000, 0x0000000081f00000| Untracked 
|   4|0x0000000082000000, 0x0000000082100000, 0x0000000082100000|100%| O|  |TAMS 0x0000000082000000, 0x0000000082000000| Untracked 
|   5|0x0000000082100000, 0x0000000082200000, 0x0000000082200000|100%| O|  |TAMS 0x0000000082100000, 0x0000000082100000| Untracked 
|   6|0x0000000082200000, 0x0000000082300000, 0x0000000082300000|100%| O|  |TAMS 0x0000000082200000, 0x0000000082200000| Untracked 
|   7|0x0000000082300000, 0x0000000082400000, 0x0000000082400000|100%| O|  |TAMS 0x0000000082300000, 0x0000000082300000| Untracked 
|   8|0x0000000082400000, 0x0000000082500000, 0x0000000082500000|100%| O|  |TAMS 0x0000000082400000, 0x0000000082400000| Untracked 
|   9|0x0000000082500000, 0x0000000082600000, 0x0000000082600000|100%| O|  |TAMS 0x0000000082500000, 0x0000000082500000| Untracked 
|  10|0x0000000082600000, 0x0000000082700000, 0x0000000082700000|100%| O|  |TAMS 0x0000000082600000, 0x0000000082600000| Untracked 
|  11|0x0000000082700000, 0x000000008272f200, 0x0000000082800000| 18%| O|  |TAMS 0x0000000082700000, 0x0000000082700000| Untracked 
|  12|0x0000000082800000, 0x0000000082800000, 0x0000000082900000|  0%| F|  |TAMS 0x0000000082800000, 0x0000000082800000| Untracked 
|  13|0x0000000082900000, 0x0000000082900000, 0x0000000082a00000|  0%| F|  |TAMS 0x0000000082900000, 0x0000000082900000| Untracked 
|  14|0x0000000082a00000, 0x0000000082a00000, 0x0000000082b00000|  0%| F|  |TAMS 0x0000000082a00000, 0x0000000082a00000| Untracked 
|  15|0x0000000082b00000, 0x0000000082b00000, 0x0000000082c00000|  0%| F|  |TAMS 0x0000000082b00000, 0x0000000082b00000| Untracked 
|  16|0x0000000082c00000, 0x0000000082c00000, 0x0000000082d00000|  0%| F|  |TAMS 0x0000000082c00000, 0x0000000082c00000| Untracked 
|  17|0x0000000082d00000, 0x0000000082d00000, 0x0000000082e00000|  0%| F|  |TAMS 0x0000000082d00000, 0x0000000082d00000| Untracked 
|  18|0x0000000082e00000, 0x0000000082e00000, 0x0000000082f00000|  0%| F|  |TAMS 0x0000000082e00000, 0x0000000082e00000| Untracked 
|  19|0x0000000082f00000, 0x0000000082f00000, 0x0000000083000000|  0%| F|  |TAMS 0x0000000082f00000, 0x0000000082f00000| Untracked 
|  20|0x0000000083000000, 0x0000000083000000, 0x0000000083100000|  0%| F|  |TAMS 0x0000000083000000, 0x0000000083000000| Untracked 
|  21|0x0000000083100000, 0x0000000083100000, 0x0000000083200000|  0%| F|  |TAMS 0x0000000083100000, 0x0000000083100000| Untracked 
|  22|0x0000000083200000, 0x0000000083200000, 0x0000000083300000|  0%| F|  |TAMS 0x0000000083200000, 0x0000000083200000| Untracked 
|  23|0x0000000083300000, 0x0000000083300000, 0x0000000083400000|  0%| F|  |TAMS 0x0000000083300000, 0x0000000083300000| Untracked 
|  24|0x0000000083400000, 0x0000000083400000, 0x0000000083500000|  0%| F|  |TAMS 0x0000000083400000, 0x0000000083400000| Untracked 
|  25|0x0000000083500000, 0x0000000083500000, 0x0000000083600000|  0%| F|  |TAMS 0x0000000083500000, 0x0000000083500000| Untracked 
|  26|0x0000000083600000, 0x0000000083600000, 0x0000000083700000|  0%| F|  |TAMS 0x0000000083600000, 0x0000000083600000| Untracked 
|  27|0x0000000083700000, 0x0000000083700000, 0x0000000083800000|  0%| F|  |TAMS 0x0000000083700000, 0x0000000083700000| Untracked 
|  28|0x0000000083800000, 0x0000000083800000, 0x0000000083900000|  0%| F|  |TAMS 0x0000000083800000, 0x0000000083800000| Untracked 
|  29|0x0000000083900000, 0x0000000083900000, 0x0000000083a00000|  0%| F|  |TAMS 0x0000000083900000, 0x0000000083900000| Untracked 
|  30|0x0000000083a00000, 0x0000000083a00000, 0x0000000083b00000|  0%| F|  |TAMS 0x0000000083a00000, 0x0000000083a00000| Untracked 
|  31|0x0000000083b00000, 0x0000000083b00000, 0x0000000083c00000|  0%| F|  |TAMS 0x0000000083b00000, 0x0000000083b00000| Untracked 
|  32|0x0000000083c00000, 0x0000000083c00000, 0x0000000083d00000|  0%| F|  |TAMS 0x0000000083c00000, 0x0000000083c00000| Untracked 
|  33|0x0000000083d00000, 0x0000000083d00000, 0x0000000083e00000|  0%| F|  |TAMS 0x0000000083d00000, 0x0000000083d00000| Untracked 
|  34|0x0000000083e00000, 0x0000000083e00000, 0x0000000083f00000|  0%| F|  |TAMS 0x0000000083e00000, 0x0000000083e00000| Untracked 
|  35|0x0000000083f00000, 0x0000000083f00000, 0x0000000084000000|  0%| F|  |TAMS 0x0000000083f00000, 0x0000000083f00000| Untracked 
|  36|0x0000000084000000, 0x0000000084000000, 0x0000000084100000|  0%| F|  |TAMS 0x0000000084000000, 0x0000000084000000| Untracked 
|  37|0x0000000084100000, 0x0000000084100000, 0x0000000084200000|  0%| F|  |TAMS 0x0000000084100000, 0x0000000084100000| Untracked 
|  38|0x0000000084200000, 0x0000000084200000, 0x0000000084300000|  0%| F|  |TAMS 0x0000000084200000, 0x0000000084200000| Untracked 
|  39|0x0000000084300000, 0x0000000084300000, 0x0000000084400000|  0%| F|  |TAMS 0x0000000084300000, 0x0000000084300000| Untracked 
|  40|0x0000000084400000, 0x0000000084400000, 0x0000000084500000|  0%| F|  |TAMS 0x0000000084400000, 0x0000000084400000| Untracked 
|  41|0x0000000084500000, 0x0000000084500000, 0x0000000084600000|  0%| F|  |TAMS 0x0000000084500000, 0x0000000084500000| Untracked 
|  42|0x0000000084600000, 0x0000000084600000, 0x0000000084700000|  0%| F|  |TAMS 0x0000000084600000, 0x0000000084600000| Untracked 
|  43|0x0000000084700000, 0x0000000084700000, 0x0000000084800000|  0%| F|  |TAMS 0x0000000084700000, 0x0000000084700000| Untracked 
|  44|0x0000000084800000, 0x0000000084800000, 0x0000000084900000|  0%| F|  |TAMS 0x0000000084800000, 0x0000000084800000| Untracked 
|  45|0x0000000084900000, 0x0000000084900000, 0x0000000084a00000|  0%| F|  |TAMS 0x0000000084900000, 0x0000000084900000| Untracked 
|  46|0x0000000084a00000, 0x0000000084a00000, 0x0000000084b00000|  0%| F|  |TAMS 0x0000000084a00000, 0x0000000084a00000| Untracked 
|  47|0x0000000084b00000, 0x0000000084b00000, 0x0000000084c00000|  0%| F|  |TAMS 0x0000000084b00000, 0x0000000084b00000| Untracked 
|  48|0x0000000084c00000, 0x0000000084c00000, 0x0000000084d00000|  0%| F|  |TAMS 0x0000000084c00000, 0x0000000084c00000| Untracked 
|  49|0x0000000084d00000, 0x0000000084d00000, 0x0000000084e00000|  0%| F|  |TAMS 0x0000000084d00000, 0x0000000084d00000| Untracked 
|  50|0x0000000084e00000, 0x0000000084e00000, 0x0000000084f00000|  0%| F|  |TAMS 0x0000000084e00000, 0x0000000084e00000| Untracked 
|  51|0x0000000084f00000, 0x0000000084f00000, 0x0000000085000000|  0%| F|  |TAMS 0x0000000084f00000, 0x0000000084f00000| Untracked 
|  52|0x0000000085000000, 0x0000000085000000, 0x0000000085100000|  0%| F|  |TAMS 0x0000000085000000, 0x0000000085000000| Untracked 
|  53|0x0000000085100000, 0x00000000851e5080, 0x0000000085200000| 89%| S|CS|TAMS 0x0000000085100000, 0x0000000085100000| Complete 
|  54|0x0000000085200000, 0x0000000085300000, 0x0000000085300000|100%| S|CS|TAMS 0x0000000085200000, 0x0000000085200000| Complete 
|  55|0x0000000085300000, 0x0000000085400000, 0x0000000085400000|100%| S|CS|TAMS 0x0000000085300000, 0x0000000085300000| Complete 
|  56|0x0000000085400000, 0x0000000085500000, 0x0000000085500000|100%| S|CS|TAMS 0x0000000085400000, 0x0000000085400000| Complete 
|  57|0x0000000085500000, 0x0000000085600000, 0x0000000085600000|100%| S|CS|TAMS 0x0000000085500000, 0x0000000085500000| Complete 
|  58|0x0000000085600000, 0x0000000085700000, 0x0000000085700000|100%| S|CS|TAMS 0x0000000085600000, 0x0000000085600000| Complete 
|  59|0x0000000085700000, 0x0000000085800000, 0x0000000085800000|100%| S|CS|TAMS 0x0000000085700000, 0x0000000085700000| Complete 
|  60|0x0000000085800000, 0x0000000085900000, 0x0000000085900000|100%| S|CS|TAMS 0x0000000085800000, 0x0000000085800000| Complete 
|  61|0x0000000085900000, 0x0000000085900000, 0x0000000085a00000|  0%| F|  |TAMS 0x0000000085900000, 0x0000000085900000| Untracked 
|  62|0x0000000085a00000, 0x0000000085a00000, 0x0000000085b00000|  0%| F|  |TAMS 0x0000000085a00000, 0x0000000085a00000| Untracked 
|  63|0x0000000085b00000, 0x0000000085b00000, 0x0000000085c00000|  0%| F|  |TAMS 0x0000000085b00000, 0x0000000085b00000| Untracked 
|  64|0x0000000085c00000, 0x0000000085c00000, 0x0000000085d00000|  0%| F|  |TAMS 0x0000000085c00000, 0x0000000085c00000| Untracked 
|  65|0x0000000085d00000, 0x0000000085d00000, 0x0000000085e00000|  0%| F|  |TAMS 0x0000000085d00000, 0x0000000085d00000| Untracked 
|  66|0x0000000085e00000, 0x0000000085e00000, 0x0000000085f00000|  0%| F|  |TAMS 0x0000000085e00000, 0x0000000085e00000| Untracked 
|  67|0x0000000085f00000, 0x0000000085f00000, 0x0000000086000000|  0%| F|  |TAMS 0x0000000085f00000, 0x0000000085f00000| Untracked 
|  68|0x0000000086000000, 0x0000000086000000, 0x0000000086100000|  0%| F|  |TAMS 0x0000000086000000, 0x0000000086000000| Untracked 
|  69|0x0000000086100000, 0x0000000086100000, 0x0000000086200000|  0%| F|  |TAMS 0x0000000086100000, 0x0000000086100000| Untracked 
|  70|0x0000000086200000, 0x0000000086200000, 0x0000000086300000|  0%| F|  |TAMS 0x0000000086200000, 0x0000000086200000| Untracked 
|  71|0x0000000086300000, 0x0000000086300000, 0x0000000086400000|  0%| F|  |TAMS 0x0000000086300000, 0x0000000086300000| Untracked 
|  72|0x0000000086400000, 0x0000000086400000, 0x0000000086500000|  0%| F|  |TAMS 0x0000000086400000, 0x0000000086400000| Untracked 
|  73|0x0000000086500000, 0x0000000086500000, 0x0000000086600000|  0%| F|  |TAMS 0x0000000086500000, 0x0000000086500000| Untracked 
|  74|0x0000000086600000, 0x0000000086600000, 0x0000000086700000|  0%| F|  |TAMS 0x0000000086600000, 0x0000000086600000| Untracked 
|  75|0x0000000086700000, 0x0000000086700000, 0x0000000086800000|  0%| F|  |TAMS 0x0000000086700000, 0x0000000086700000| Untracked 
|  76|0x0000000086800000, 0x0000000086800000, 0x0000000086900000|  0%| F|  |TAMS 0x0000000086800000, 0x0000000086800000| Untracked 
|  77|0x0000000086900000, 0x0000000086900000, 0x0000000086a00000|  0%| F|  |TAMS 0x0000000086900000, 0x0000000086900000| Untracked 
|  78|0x0000000086a00000, 0x0000000086a00000, 0x0000000086b00000|  0%| F|  |TAMS 0x0000000086a00000, 0x0000000086a00000| Untracked 
|  79|0x0000000086b00000, 0x0000000086b00000, 0x0000000086c00000|  0%| F|  |TAMS 0x0000000086b00000, 0x0000000086b00000| Untracked 
|  80|0x0000000086c00000, 0x0000000086c00000, 0x0000000086d00000|  0%| F|  |TAMS 0x0000000086c00000, 0x0000000086c00000| Untracked 
|  81|0x0000000086d00000, 0x0000000086d00000, 0x0000000086e00000|  0%| F|  |TAMS 0x0000000086d00000, 0x0000000086d00000| Untracked 
|  82|0x0000000086e00000, 0x0000000086e00000, 0x0000000086f00000|  0%| F|  |TAMS 0x0000000086e00000, 0x0000000086e00000| Untracked 
|  83|0x0000000086f00000, 0x0000000086f00000, 0x0000000087000000|  0%| F|  |TAMS 0x0000000086f00000, 0x0000000086f00000| Untracked 
|  84|0x0000000087000000, 0x0000000087000000, 0x0000000087100000|  0%| F|  |TAMS 0x0000000087000000, 0x0000000087000000| Untracked 
|  85|0x0000000087100000, 0x0000000087100000, 0x0000000087200000|  0%| F|  |TAMS 0x0000000087100000, 0x0000000087100000| Untracked 
|  86|0x0000000087200000, 0x0000000087200000, 0x0000000087300000|  0%| F|  |TAMS 0x0000000087200000, 0x0000000087200000| Untracked 
|  87|0x0000000087300000, 0x0000000087300000, 0x0000000087400000|  0%| F|  |TAMS 0x0000000087300000, 0x0000000087300000| Untracked 
|  88|0x0000000087400000, 0x0000000087400000, 0x0000000087500000|  0%| F|  |TAMS 0x0000000087400000, 0x0000000087400000| Untracked 
|  89|0x0000000087500000, 0x0000000087500000, 0x0000000087600000|  0%| F|  |TAMS 0x0000000087500000, 0x0000000087500000| Untracked 
|  90|0x0000000087600000, 0x0000000087600000, 0x0000000087700000|  0%| F|  |TAMS 0x0000000087600000, 0x0000000087600000| Untracked 
|  91|0x0000000087700000, 0x0000000087700000, 0x0000000087800000|  0%| F|  |TAMS 0x0000000087700000, 0x0000000087700000| Untracked 
|  92|0x0000000087800000, 0x0000000087800000, 0x0000000087900000|  0%| F|  |TAMS 0x0000000087800000, 0x0000000087800000| Untracked 
|  93|0x0000000087900000, 0x0000000087900000, 0x0000000087a00000|  0%| F|  |TAMS 0x0000000087900000, 0x0000000087900000| Untracked 
|  94|0x0000000087a00000, 0x0000000087a00000, 0x0000000087b00000|  0%| F|  |TAMS 0x0000000087a00000, 0x0000000087a00000| Untracked 
|  95|0x0000000087b00000, 0x0000000087b00000, 0x0000000087c00000|  0%| F|  |TAMS 0x0000000087b00000, 0x0000000087b00000| Untracked 
|  96|0x0000000087c00000, 0x0000000087c80800, 0x0000000087d00000| 50%| E|  |TAMS 0x0000000087c00000, 0x0000000087c00000| Complete 
|  97|0x0000000087d00000, 0x0000000087e00000, 0x0000000087e00000|100%| E|CS|TAMS 0x0000000087d00000, 0x0000000087d00000| Complete 
|  98|0x0000000087e00000, 0x0000000087f00000, 0x0000000087f00000|100%| E|CS|TAMS 0x0000000087e00000, 0x0000000087e00000| Complete 
|  99|0x0000000087f00000, 0x0000000088000000, 0x0000000088000000|100%| E|CS|TAMS 0x0000000087f00000, 0x0000000087f00000| Complete 
| 100|0x0000000088000000, 0x0000000088100000, 0x0000000088100000|100%| E|CS|TAMS 0x0000000088000000, 0x0000000088000000| Complete 
| 101|0x0000000088100000, 0x0000000088200000, 0x0000000088200000|100%| E|CS|TAMS 0x0000000088100000, 0x0000000088100000| Complete 
| 102|0x0000000088200000, 0x0000000088300000, 0x0000000088300000|100%| E|CS|TAMS 0x0000000088200000, 0x0000000088200000| Complete 
| 103|0x0000000088300000, 0x0000000088400000, 0x0000000088400000|100%| E|CS|TAMS 0x0000000088300000, 0x0000000088300000| Complete 
| 104|0x0000000088400000, 0x0000000088500000, 0x0000000088500000|100%| E|CS|TAMS 0x0000000088400000, 0x0000000088400000| Complete 
| 105|0x0000000088500000, 0x0000000088600000, 0x0000000088600000|100%| E|CS|TAMS 0x0000000088500000, 0x0000000088500000| Complete 
| 106|0x0000000088600000, 0x0000000088700000, 0x0000000088700000|100%| E|CS|TAMS 0x0000000088600000, 0x0000000088600000| Complete 
| 107|0x0000000088700000, 0x0000000088800000, 0x0000000088800000|100%| E|CS|TAMS 0x0000000088700000, 0x0000000088700000| Complete 
| 108|0x0000000088800000, 0x0000000088900000, 0x0000000088900000|100%| E|CS|TAMS 0x0000000088800000, 0x0000000088800000| Complete 
| 109|0x0000000088900000, 0x0000000088a00000, 0x0000000088a00000|100%| E|CS|TAMS 0x0000000088900000, 0x0000000088900000| Complete 
| 110|0x0000000088a00000, 0x0000000088b00000, 0x0000000088b00000|100%| E|CS|TAMS 0x0000000088a00000, 0x0000000088a00000| Complete 
| 111|0x0000000088b00000, 0x0000000088c00000, 0x0000000088c00000|100%| E|CS|TAMS 0x0000000088b00000, 0x0000000088b00000| Complete 
| 112|0x0000000088c00000, 0x0000000088d00000, 0x0000000088d00000|100%| E|CS|TAMS 0x0000000088c00000, 0x0000000088c00000| Complete 
| 113|0x0000000088d00000, 0x0000000088e00000, 0x0000000088e00000|100%| E|CS|TAMS 0x0000000088d00000, 0x0000000088d00000| Complete 
| 114|0x0000000088e00000, 0x0000000088f00000, 0x0000000088f00000|100%| E|CS|TAMS 0x0000000088e00000, 0x0000000088e00000| Complete 
| 115|0x0000000088f00000, 0x0000000089000000, 0x0000000089000000|100%| E|CS|TAMS 0x0000000088f00000, 0x0000000088f00000| Complete 
| 116|0x0000000089000000, 0x0000000089100000, 0x0000000089100000|100%| E|CS|TAMS 0x0000000089000000, 0x0000000089000000| Complete 
| 117|0x0000000089100000, 0x0000000089200000, 0x0000000089200000|100%| E|CS|TAMS 0x0000000089100000, 0x0000000089100000| Complete 
| 118|0x0000000089200000, 0x0000000089300000, 0x0000000089300000|100%| E|CS|TAMS 0x0000000089200000, 0x0000000089200000| Complete 
| 119|0x0000000089300000, 0x0000000089400000, 0x0000000089400000|100%| E|CS|TAMS 0x0000000089300000, 0x0000000089300000| Complete 
| 120|0x0000000089400000, 0x0000000089500000, 0x0000000089500000|100%| E|CS|TAMS 0x0000000089400000, 0x0000000089400000| Complete 
| 121|0x0000000089500000, 0x0000000089600000, 0x0000000089600000|100%| E|CS|TAMS 0x0000000089500000, 0x0000000089500000| Complete 
| 122|0x0000000089600000, 0x0000000089700000, 0x0000000089700000|100%| E|CS|TAMS 0x0000000089600000, 0x0000000089600000| Complete 
| 123|0x0000000089700000, 0x0000000089800000, 0x0000000089800000|100%| E|CS|TAMS 0x0000000089700000, 0x0000000089700000| Complete 
| 124|0x0000000089800000, 0x0000000089900000, 0x0000000089900000|100%| E|CS|TAMS 0x0000000089800000, 0x0000000089800000| Complete 
| 125|0x0000000089900000, 0x0000000089a00000, 0x0000000089a00000|100%| E|CS|TAMS 0x0000000089900000, 0x0000000089900000| Complete 
| 126|0x0000000089a00000, 0x0000000089b00000, 0x0000000089b00000|100%| E|CS|TAMS 0x0000000089a00000, 0x0000000089a00000| Complete 
| 127|0x0000000089b00000, 0x0000000089c00000, 0x0000000089c00000|100%| E|CS|TAMS 0x0000000089b00000, 0x0000000089b00000| Complete 

Card table byte_map: [0x00000163488f0000,0x0000016348cf0000] _byte_map_base: 0x00000163484e2000

Marking Bits (Prev, Next): (CMBitMap*) 0x0000016330ab2b48, (CMBitMap*) 0x0000016330ab2b88
 Prev Bits: [0x00000163490f0000, 0x000001634b080000)
 Next Bits: [0x000001634b080000, 0x000001634d010000)

Polling page: 0x000001632ea30000

Metaspace:

Usage:
  Non-class:     14.07 MB capacity,    12.95 MB ( 92%) used,     1.10 MB (  8%) free+waste,    20.50 KB ( <1%) overhead. 
      Class:      1.83 MB capacity,     1.59 MB ( 87%) used,   243.02 KB ( 13%) free+waste,     8.94 KB ( <1%) overhead. 
       Both:     15.90 MB capacity,    14.54 MB ( 91%) used,     1.33 MB (  8%) free+waste,    29.44 KB ( <1%) overhead. 

Virtual space:
  Non-class space:       16.00 MB reserved,      14.25 MB ( 89%) committed 
      Class space:        1.00 GB reserved,       1.88 MB ( <1%) committed 
             Both:        1.02 GB reserved,      16.13 MB (  2%) committed 

Chunk freelists:
   Non-Class:  1.00 KB
       Class:  12.00 KB
        Both:  13.00 KB

MaxMetaspaceSize: 17179869184.00 GB
CompressedClassSpaceSize: 1.00 GB

CodeHeap 'non-profiled nmethods': size=120000Kb used=2552Kb max_used=2552Kb free=117447Kb
 bounds [0x0000016340fc0000, 0x0000016341240000, 0x00000163484f0000]
CodeHeap 'profiled nmethods': size=120000Kb used=9799Kb max_used=9799Kb free=110201Kb
 bounds [0x0000016339a90000, 0x000001633a430000, 0x0000016340fc0000]
CodeHeap 'non-nmethods': size=5760Kb used=1207Kb max_used=1261Kb free=4552Kb
 bounds [0x00000163394f0000, 0x0000016339760000, 0x0000016339a90000]
 total_blobs=4522 nmethods=4055 adapters=379
 compilation: enabled
              stopped_count=0, restarted_count=0
 full_count=0

Compilation events (20 events):
Event: 27.800 Thread 0x000001634f4fa000 4045       3       java.io.Writer::write (11 bytes)
Event: 27.800 Thread 0x000001634f4fa000 nmethod 4045 0x000001633a41bf10 code [0x000001633a41c0c0, 0x000001633a41c3a8]
Event: 27.800 Thread 0x000001634f4fa000 4052       3       java.io.OutputStreamWriter::flushBuffer (8 bytes)
Event: 27.800 Thread 0x000001634f4fa000 nmethod 4052 0x000001633a41c510 code [0x000001633a41c6c0, 0x000001633a41c808]
Event: 27.800 Thread 0x000001634f4fa000 4046       3       sun.nio.cs.StreamEncoder::implWrite (137 bytes)
Event: 27.801 Thread 0x000001634f4f5800 nmethod 4053 0x000001634123d210 code [0x000001634123d380, 0x000001634123d4b8]
Event: 27.801 Thread 0x000001634f4fa000 nmethod 4046 0x000001633a41c910 code [0x000001633a41cb40, 0x000001633a41d348]
Event: 27.801 Thread 0x000001634f4fa000 4047   !   3       java.nio.charset.CharsetEncoder::encode (285 bytes)
Event: 27.803 Thread 0x000001634f4fa000 nmethod 4047 0x000001633a41d590 code [0x000001633a41d880, 0x000001633a41eb18]
Event: 27.803 Thread 0x000001634f4fa000 4048       3       sun.nio.cs.SingleByte$Encoder::encodeLoop (28 bytes)
Event: 27.804 Thread 0x000001634f4fa000 nmethod 4048 0x000001633a41f110 code [0x000001633a41f2e0, 0x000001633a41f6d8]
Event: 27.805 Thread 0x000001634f4fa000 4050       3       sun.nio.cs.SingleByte$Encoder::encode (32 bytes)
Event: 27.805 Thread 0x000001634f4fa000 nmethod 4050 0x000001633a41f810 code [0x000001633a41f9c0, 0x000001633a41fb98]
Event: 27.805 Thread 0x000001634f4fa000 4051       3       sun.nio.cs.SingleByte::withResult (25 bytes)
Event: 27.806 Thread 0x000001634f4fa000 nmethod 4051 0x000001633a41fd10 code [0x000001633a41fee0, 0x000001633a420338]
Event: 27.857 Thread 0x000001634f4fa000 4054       3       org.eclipse.sisu.inject.RankedBindings$Itr::next (11 bytes)
Event: 27.857 Thread 0x000001634f4f5800 4055       4       org.eclipse.sisu.inject.LocatedBeans$Itr::hasNext (161 bytes)
Event: 27.857 Thread 0x000001634f4fa000 nmethod 4054 0x000001633a420490 code [0x000001633a420640, 0x000001633a4208a8]
Event: 27.858 Thread 0x000001634f4fa000 4057       3       java.util.HashMap::keysToArray (81 bytes)
Event: 27.859 Thread 0x000001634f4fa000 nmethod 4057 0x000001633a420990 code [0x000001633a420b60, 0x000001633a421058]

GC Heap History (10 events):
Event: 4.486 GC heap before
{Heap before GC invocations=0 (full 0):
 garbage-first heap   total 131072K, used 12288K [0x0000000081c00000, 0x0000000100000000)
  region size 1024K, 13 young (13312K), 0 survivors (0K)
 Metaspace       used 3350K, capacity 6444K, committed 6656K, reserved 1056768K
  class space    used 344K, capacity 663K, committed 768K, reserved 1048576K
}
Event: 4.492 GC heap after
{Heap after GC invocations=1 (full 0):
 garbage-first heap   total 131072K, used 3009K [0x0000000081c00000, 0x0000000100000000)
  region size 1024K, 2 young (2048K), 2 survivors (2048K)
 Metaspace       used 3350K, capacity 6444K, committed 6656K, reserved 1056768K
  class space    used 344K, capacity 663K, committed 768K, reserved 1048576K
}
Event: 5.550 GC heap before
{Heap before GC invocations=1 (full 0):
 garbage-first heap   total 131072K, used 16321K [0x0000000081c00000, 0x0000000100000000)
  region size 1024K, 15 young (15360K), 2 survivors (2048K)
 Metaspace       used 5216K, capacity 7838K, committed 8064K, reserved 1056768K
  class space    used 618K, capacity 893K, committed 896K, reserved 1048576K
}
Event: 5.557 GC heap after
{Heap after GC invocations=2 (full 0):
 garbage-first heap   total 131072K, used 3659K [0x0000000081c00000, 0x0000000100000000)
  region size 1024K, 1 young (1024K), 1 survivors (1024K)
 Metaspace       used 5216K, capacity 7838K, committed 8064K, reserved 1056768K
  class space    used 618K, capacity 893K, committed 896K, reserved 1048576K
}
Event: 6.626 GC heap before
{Heap before GC invocations=2 (full 0):
 garbage-first heap   total 131072K, used 30283K [0x0000000081c00000, 0x0000000100000000)
  region size 1024K, 27 young (27648K), 1 survivors (1024K)
 Metaspace       used 8483K, capacity 10799K, committed 11136K, reserved 1058816K
  class space    used 1026K, capacity 1322K, committed 1408K, reserved 1048576K
}
Event: 6.629 GC heap after
{Heap after GC invocations=3 (full 0):
 garbage-first heap   total 131072K, used 4541K [0x0000000081c00000, 0x0000000100000000)
  region size 1024K, 2 young (2048K), 2 survivors (2048K)
 Metaspace       used 8483K, capacity 10799K, committed 11136K, reserved 1058816K
  class space    used 1026K, capacity 1322K, committed 1408K, reserved 1048576K
}
Event: 15.506 GC heap before
{Heap before GC invocations=3 (full 0):
 garbage-first heap   total 131072K, used 80317K [0x0000000081c00000, 0x0000000100000000)
  region size 1024K, 76 young (77824K), 2 survivors (2048K)
 Metaspace       used 13471K, capacity 15036K, committed 15104K, reserved 1062912K
  class space    used 1533K, capacity 1761K, committed 1792K, reserved 1048576K
}
Event: 15.524 GC heap after
{Heap after GC invocations=4 (full 0):
 garbage-first heap   total 131072K, used 11870K [0x0000000081c00000, 0x0000000100000000)
  region size 1024K, 9 young (9216K), 9 survivors (9216K)
 Metaspace       used 13471K, capacity 15036K, committed 15104K, reserved 1062912K
  class space    used 1533K, capacity 1761K, committed 1792K, reserved 1048576K
}
Event: 20.679 GC heap before
{Heap before GC invocations=4 (full 0):
 garbage-first heap   total 131072K, used 80478K [0x0000000081c00000, 0x0000000100000000)
  region size 1024K, 76 young (77824K), 9 survivors (9216K)
 Metaspace       used 14095K, capacity 15575K, committed 15616K, reserved 1062912K
  class space    used 1542K, capacity 1769K, committed 1792K, reserved 1048576K
}
Event: 20.710 GC heap after
{Heap after GC invocations=5 (full 0):
 garbage-first heap   total 131072K, used 19536K [0x0000000081c00000, 0x0000000100000000)
  region size 1024K, 8 young (8192K), 8 survivors (8192K)
 Metaspace       used 14095K, capacity 15575K, committed 15616K, reserved 1062912K
  class space    used 1542K, capacity 1769K, committed 1792K, reserved 1048576K
}

Deoptimization events (20 events):
Event: 27.503 Thread 0x0000016330a6b000 DEOPT PACKING pc=0x000001634107903c sp=0x00000025bbdfd4d0
Event: 27.503 Thread 0x0000016330a6b000 DEOPT UNPACKING pc=0x000001633953912f sp=0x00000025bbdfd468 mode 2
Event: 27.509 Thread 0x0000016330a6b000 Uncommon trap: trap_request=0xffffff45 fr.pc=0x000001634113e144 relative=0x00000000000004e4
Event: 27.509 Thread 0x0000016330a6b000 Uncommon trap: reason=unstable_if action=reinterpret pc=0x000001634113e144 method=java.util.HashMap.keysToArray([Ljava/lang/Object;)[Ljava/lang/Object; @ 9 c2
Event: 27.509 Thread 0x0000016330a6b000 DEOPT PACKING pc=0x000001634113e144 sp=0x00000025bbdfc4e0
Event: 27.509 Thread 0x0000016330a6b000 DEOPT UNPACKING pc=0x000001633953912f sp=0x00000025bbdfc498 mode 2
Event: 27.510 Thread 0x0000016330a6b000 Uncommon trap: trap_request=0xffffff54 fr.pc=0x0000016341134480 relative=0x00000000000002c0
Event: 27.510 Thread 0x0000016330a6b000 Uncommon trap: reason=speculate_null_assert action=make_not_entrant pc=0x0000016341134480 method=org.eclipse.sisu.inject.RankedBindings$Itr.hasNext()Z @ 80 c2
Event: 27.510 Thread 0x0000016330a6b000 DEOPT PACKING pc=0x0000016341134480 sp=0x00000025bbdfd980
Event: 27.510 Thread 0x0000016330a6b000 DEOPT UNPACKING pc=0x000001633953912f sp=0x00000025bbdfd968 mode 2
Event: 27.529 Thread 0x0000016330a6b000 DEOPT PACKING pc=0x0000016339b89b34 sp=0x00000025bbdf73e0
Event: 27.529 Thread 0x0000016330a6b000 DEOPT UNPACKING pc=0x000001633953964e sp=0x00000025bbdf67e0 mode 0
Event: 27.576 Thread 0x0000016330a6b000 Uncommon trap: trap_request=0xffffffde fr.pc=0x0000016341170660 relative=0x00000000000002c0
Event: 27.576 Thread 0x0000016330a6b000 Uncommon trap: reason=class_check action=maybe_recompile pc=0x0000016341170660 method=org.eclipse.sisu.wire.EntryListAdapter$ValueIterator.next()Ljava/lang/Object; @ 4 c2
Event: 27.576 Thread 0x0000016330a6b000 DEOPT PACKING pc=0x0000016341170660 sp=0x00000025bbdfdd20
Event: 27.576 Thread 0x0000016330a6b000 DEOPT UNPACKING pc=0x000001633953912f sp=0x00000025bbdfdcf0 mode 2
Event: 27.794 Thread 0x0000016330a6b000 Uncommon trap: trap_request=0xffffffde fr.pc=0x0000016341170660 relative=0x00000000000002c0
Event: 27.794 Thread 0x0000016330a6b000 Uncommon trap: reason=class_check action=maybe_recompile pc=0x0000016341170660 method=org.eclipse.sisu.wire.EntryListAdapter$ValueIterator.next()Ljava/lang/Object; @ 4 c2
Event: 27.794 Thread 0x0000016330a6b000 DEOPT PACKING pc=0x0000016341170660 sp=0x00000025bbdfdd20
Event: 27.794 Thread 0x0000016330a6b000 DEOPT UNPACKING pc=0x000001633953912f sp=0x00000025bbdfdcf0 mode 2

Classes unloaded (0 events):
No events

Classes redefined (0 events):
No events

Internal exceptions (9 events):
Event: 2.512 Thread 0x0000016330a6b000 Exception <a 'java/lang/NoSuchMethodError'{0x000000008982f5d0}: 'int java.lang.invoke.DirectMethodHandle$Holder.invokeSpecialIFC(java.lang.Object, java.lang.Object, int)'> (0x000000008982f5d0) 
thrown [./src/hotspot/share/interpreter/linkResolver.cpp, line 766]
Event: 7.028 Thread 0x0000016330a6b000 Exception <a 'java/lang/NoClassDefFoundError'{0x000000008906ae10}: com/google/inject/servlet/ServletModuleTargetVisitor> (0x000000008906ae10) 
thrown [./src/hotspot/share/classfile/systemDictionary.cpp, line 215]
Event: 7.029 Thread 0x0000016330a6b000 Exception <a 'java/lang/NoClassDefFoundError'{0x000000008906e528}: javax/annotation/Priority> (0x000000008906e528) 
thrown [./src/hotspot/share/classfile/systemDictionary.cpp, line 215]
Event: 7.094 Thread 0x0000016330a6b000 Exception <a 'java/lang/NoSuchMethodError'{0x0000000088fc95d0}: 'java.lang.Object java.lang.invoke.DirectMethodHandle$Holder.invokeStaticInit(java.lang.Object, int, int, int, int)'> (0x0000000088fc95d0) 
thrown [./src/hotspot/share/interpreter/linkResolver.cpp, line 766]
Event: 7.357 Thread 0x0000016330a6b000 Implicit null exception at 0x0000016340fe5964 to 0x0000016340fe5f64
Event: 7.357 Thread 0x0000016330a6b000 Implicit null exception at 0x0000016340fefbe4 to 0x0000016340ff01b8
Event: 14.553 Thread 0x0000016330a6b000 Implicit null exception at 0x00000163410f58e1 to 0x00000163410f60a0
Event: 23.771 Thread 0x0000016330a6b000 Implicit null exception at 0x000001634105f885 to 0x000001634105fa94
Event: 23.773 Thread 0x0000016330a6b000 Implicit null exception at 0x0000016340fecf2f to 0x0000016340fecfad

Events (20 events):
Event: 27.679 loading class java/nio/file/FileStore
Event: 27.679 loading class java/nio/file/FileStore done
Event: 27.679 loading class java/nio/file/DirectoryStream$Filter
Event: 27.680 loading class java/nio/file/DirectoryStream$Filter done
Event: 27.680 loading class java/nio/file/DirectoryStream
Event: 27.680 loading class java/nio/file/DirectoryStream done
Event: 27.680 loading class java/util/function/BiPredicate
Event: 27.680 loading class java/util/function/BiPredicate done
Event: 27.680 loading class java/nio/file/FileVisitOption
Event: 27.680 loading class java/nio/file/FileVisitOption done
Event: 27.680 loading class java/io/FileFilter
Event: 27.681 loading class java/io/FileFilter done
Event: 27.681 loading class java/nio/file/WatchService
Event: 27.703 loading class java/nio/file/WatchService done
Event: 27.703 loading class java/nio/file/WatchEvent$Kind
Event: 27.703 loading class java/nio/file/WatchEvent$Kind done
Event: 27.703 loading class java/nio/file/WatchKey
Event: 27.703 loading class java/nio/file/WatchKey done
Event: 27.703 loading class java/nio/file/WatchEvent$Modifier
Event: 27.703 loading class java/nio/file/WatchEvent$Modifier done


Dynamic libraries:
0x00007ff731070000 - 0x00007ff73107d000 	C:\Program Files\AdoptOpenJDK\jdk-14.0.2.12-hotspot\bin\java.exe
0x00007ffdee8b0000 - 0x00007ffdeeaa6000 	C:\WINDOWS\SYSTEM32\ntdll.dll
0x00007ffdec920000 - 0x00007ffdec9dd000 	C:\WINDOWS\System32\KERNEL32.DLL
0x00007ffdec620000 - 0x00007ffdec8e8000 	C:\WINDOWS\System32\KERNELBASE.dll
0x00007ffdec520000 - 0x00007ffdec620000 	C:\WINDOWS\System32\ucrtbase.dll
0x00007ffde56c0000 - 0x00007ffde56d8000 	C:\Program Files\AdoptOpenJDK\jdk-14.0.2.12-hotspot\bin\jli.dll
0x00007ffdd89f0000 - 0x00007ffdd8a05000 	C:\Program Files\AdoptOpenJDK\jdk-14.0.2.12-hotspot\bin\VCRUNTIME140.dll
0x00007ffdeda90000 - 0x00007ffdedc30000 	C:\WINDOWS\System32\USER32.dll
0x00007ffdec390000 - 0x00007ffdec3b2000 	C:\WINDOWS\System32\win32u.dll
0x00007ffde0a60000 - 0x00007ffde0cfb000 	C:\WINDOWS\WinSxS\amd64_microsoft.windows.common-controls_6595b64144ccf1df_6.0.19041.488_none_ca04af081b815d21\COMCTL32.dll
0x00007ffded9f0000 - 0x00007ffdeda8e000 	C:\WINDOWS\System32\msvcrt.dll
0x00007ffdedfe0000 - 0x00007ffdee00a000 	C:\WINDOWS\System32\GDI32.dll
0x00007ffdec220000 - 0x00007ffdec329000 	C:\WINDOWS\System32\gdi32full.dll
0x00007ffdec180000 - 0x00007ffdec21d000 	C:\WINDOWS\System32\msvcp_win.dll
0x00007ffdede10000 - 0x00007ffdede40000 	C:\WINDOWS\System32\IMM32.DLL
0x00007ffdb3c70000 - 0x00007ffdb3d0b000 	C:\Program Files\AdoptOpenJDK\jdk-14.0.2.12-hotspot\bin\msvcp140.dll
0x00007ffd88390000 - 0x00007ffd88f24000 	C:\Program Files\AdoptOpenJDK\jdk-14.0.2.12-hotspot\bin\server\jvm.dll
0x00007ffdecd40000 - 0x00007ffdecdea000 	C:\WINDOWS\System32\ADVAPI32.dll
0x00007ffded8a0000 - 0x00007ffded93b000 	C:\WINDOWS\System32\sechost.dll
0x00007ffdedc30000 - 0x00007ffdedd54000 	C:\WINDOWS\System32\RPCRT4.dll
0x00007ffded800000 - 0x00007ffded808000 	C:\WINDOWS\System32\PSAPI.DLL
0x00007ffdd7080000 - 0x00007ffdd7089000 	C:\WINDOWS\SYSTEM32\WSOCK32.dll
0x00007ffde4250000 - 0x00007ffde425a000 	C:\WINDOWS\SYSTEM32\VERSION.dll
0x00007ffded790000 - 0x00007ffded7fb000 	C:\WINDOWS\System32\WS2_32.dll
0x00007ffde4220000 - 0x00007ffde4247000 	C:\WINDOWS\SYSTEM32\WINMM.dll
0x00007ffde9e00000 - 0x00007ffde9e12000 	C:\WINDOWS\SYSTEM32\kernel.appcore.dll
0x00007ffde7c80000 - 0x00007ffde7c8a000 	C:\Program Files\AdoptOpenJDK\jdk-14.0.2.12-hotspot\bin\jimage.dll
0x00007ffdd35d0000 - 0x00007ffdd37b4000 	C:\WINDOWS\SYSTEM32\DBGHELP.DLL
0x00007ffdd3270000 - 0x00007ffdd329c000 	C:\WINDOWS\SYSTEM32\dbgcore.DLL
0x00007ffdec0b0000 - 0x00007ffdec12f000 	C:\WINDOWS\System32\bcryptPrimitives.dll
0x00007ffdd58c0000 - 0x00007ffdd58e5000 	C:\Program Files\AdoptOpenJDK\jdk-14.0.2.12-hotspot\bin\java.dll
0x00007ffdd5e90000 - 0x00007ffdd5ea6000 	C:\Program Files\AdoptOpenJDK\jdk-14.0.2.12-hotspot\bin\zip.dll
0x00007ffdecff0000 - 0x00007ffded730000 	C:\WINDOWS\System32\SHELL32.dll
0x00007ffdea110000 - 0x00007ffdea8a4000 	C:\WINDOWS\SYSTEM32\windows.storage.dll
0x00007ffdec9e0000 - 0x00007ffdecd35000 	C:\WINDOWS\System32\combase.dll
0x00007ffdeb8d0000 - 0x00007ffdeb8fc000 	C:\WINDOWS\SYSTEM32\Wldp.dll
0x00007ffded940000 - 0x00007ffded9ee000 	C:\WINDOWS\System32\SHCORE.dll
0x00007ffdee340000 - 0x00007ffdee395000 	C:\WINDOWS\System32\shlwapi.dll
0x00007ffdebf30000 - 0x00007ffdebf56000 	C:\WINDOWS\SYSTEM32\profapi.dll
0x00007ffdd50e0000 - 0x00007ffdd50f9000 	C:\Program Files\AdoptOpenJDK\jdk-14.0.2.12-hotspot\bin\net.dll
0x00007ffde1fc0000 - 0x00007ffde20c0000 	C:\WINDOWS\SYSTEM32\WINHTTP.dll
0x00007ffdeb6c0000 - 0x00007ffdeb72a000 	C:\WINDOWS\system32\mswsock.dll
0x00007ffdd0db0000 - 0x00007ffdd0dc2000 	C:\Program Files\AdoptOpenJDK\jdk-14.0.2.12-hotspot\bin\nio.dll
0x00007ffdd7040000 - 0x00007ffdd7050000 	C:\Program Files\AdoptOpenJDK\jdk-14.0.2.12-hotspot\bin\verify.dll
0x00007ffde7cb0000 - 0x00007ffde7cba000 	C:\Users\Rafael ^^\Desktop\MBA Engenharia de Software\Microservices\apache-maven-3.6.3-bin\apache-maven-3.6.3\lib\jansi-native\windows64\jansi.dll

dbghelp: loaded successfully - version: 4.0.5 - missing functions: none
symbol engine: initialized successfully - sym options: 0x614 - pdb path: .;C:\Program Files\AdoptOpenJDK\jdk-14.0.2.12-hotspot\bin;C:\WINDOWS\SYSTEM32;C:\WINDOWS\WinSxS\amd64_microsoft.windows.common-controls_6595b64144ccf1df_6.0.19041.488_none_ca04af081b815d21;C:\Program Files\AdoptOpenJDK\jdk-14.0.2.12-hotspot\bin\server;C:\Users\Rafael ^^\Desktop\MBA Engenharia de Software\Microservices\apache-maven-3.6.3-bin\apache-maven-3.6.3\lib\jansi-native\windows64

VM Arguments:
jvm_args: -Dclassworlds.conf=C:\Users\Rafael ^^\Desktop\MBA Engenharia de Software\Microservices\apache-maven-3.6.3-bin\apache-maven-3.6.3\bin\..\bin\m2.conf -Dmaven.home=C:\Users\Rafael ^^\Desktop\MBA Engenharia de Software\Microservices\apache-maven-3.6.3-bin\apache-maven-3.6.3\bin\.. -Dlibrary.jansi.path=C:\Users\Rafael ^^\Desktop\MBA Engenharia de Software\Microservices\apache-maven-3.6.3-bin\apache-maven-3.6.3\bin\..\lib\jansi-native -Dmaven.multiModuleProjectDirectory=C:\Users\Rafael ^^\Documents\GitHub\fiap-mba-case-amazon-main1\fiap-mba-case-amazon-main\services-architecture\ticket-amazon-service 
java_command: org.codehaus.plexus.classworlds.launcher.Launcher clean install
java_class_path (initial): C:\Users\Rafael ^^\Desktop\MBA Engenharia de Software\Microservices\apache-maven-3.6.3-bin\apache-maven-3.6.3\bin\..\boot\plexus-classworlds-2.6.0.jar
Launcher Type: SUN_STANDARD

[Global flags]
     intx CICompilerCount                          = 3                                         {product} {ergonomic}
     uint ConcGCThreads                            = 1                                         {product} {ergonomic}
     uint G1ConcRefinementThreads                  = 4                                         {product} {ergonomic}
   size_t G1HeapRegionSize                         = 1048576                                   {product} {ergonomic}
    uintx GCDrainStackTargetSize                   = 64                                        {product} {ergonomic}
   size_t InitialHeapSize                          = 134217728                                 {product} {ergonomic}
   size_t MarkStackSize                            = 4194304                                   {product} {ergonomic}
   size_t MaxHeapSize                              = 2118123520                                {product} {ergonomic}
   size_t MaxNewSize                               = 1270874112                                {product} {ergonomic}
   size_t MinHeapDeltaBytes                        = 1048576                                   {product} {ergonomic}
   size_t MinHeapSize                              = 8388608                                   {product} {ergonomic}
    uintx NonNMethodCodeHeapSize                   = 5832780                                {pd product} {ergonomic}
    uintx NonProfiledCodeHeapSize                  = 122912730                              {pd product} {ergonomic}
    uintx ProfiledCodeHeapSize                     = 122912730                              {pd product} {ergonomic}
    uintx ReservedCodeCacheSize                    = 251658240                              {pd product} {ergonomic}
     bool SegmentedCodeCache                       = true                                      {product} {ergonomic}
   size_t SoftMaxHeapSize                          = 2118123520                             {manageable} {ergonomic}
     bool UseCompressedClassPointers               = true                                 {lp64_product} {ergonomic}
     bool UseCompressedOops                        = true                                 {lp64_product} {ergonomic}
     bool UseG1GC                                  = true                                      {product} {ergonomic}
     bool UseLargePagesIndividualAllocation        = false                                  {pd product} {ergonomic}

Logging:
Log output configuration:
 #0: stdout all=warning uptime,level,tags
 #1: stderr all=off uptime,level,tags

Environment Variables:
PATH=C:\Program Files\AdoptOpenJDK\jdk-14.0.2.12-hotspot\bin;C:\Program Files (x86)\Common Files\Oracle\Java\javapath;C:\Program Files (x86)\Common Files\Intel\Shared Libraries\redist\ia32\mpirt;C:\Program Files (x86)\Common Files\Intel\Shared Libraries\redist\ia32\compiler;C:\WINDOWS\system32;C:\WINDOWS;C:\WINDOWS\System32\Wbem;C:\WINDOWS\System32\WindowsPowerShell\v1.0\;C:\WINDOWS\System32\OpenSSH\;C:\Go\bin;C:\Program Files (x86)\nodejs\;C:\Program Files\Docker\Docker\resources\bin;C:\ProgramData\DockerDesktop\version-bin;C:\Users\Rafael ^^\.windows-build-tools\python27\;C:\Users\Rafael ^^\AppData\Local\Microsoft\WindowsApps;C:\Users\Rafael ^^\go\bin;C:\Program Files\Microsoft VS Code\bin;C:\Users\Rafael ^^\AppData\Roaming\npm;C:\Users\Rafael ^^\Desktop\MBA Engenharia de Software\Microservices\apache-maven-3.6.3-bin\apache-maven-3.6.3\bin;C:\Users\Rafael ^^\AppData\Local\GitHubDesktop\bin
USERNAME=Rafael ^^
OS=Windows_NT
PROCESSOR_IDENTIFIER=Intel64 Family 6 Model 69 Stepping 1, GenuineIntel



---------------  S Y S T E M  ---------------

OS: Windows 10 , 64 bit Build 19041 (10.0.19041.546)
OS uptime: 0 days 19:49 hours
HyperV virtualization detected

CPU:total 4 (initial active 4) (2 cores per cpu, 2 threads per core) family 6 model 69 stepping 1, cmov, cx8, fxsr, mmx, sse, sse2, sse3, ssse3, sse4.1, sse4.2, popcnt, avx, avx2, aes, clmul, erms, lzcnt, ht, tsc, tscinvbit, bmi1, bmi2, fma

Memory: 4k page, system-wide physical 8075M (485M free)
TotalPageFile size 12075M (AvailPageFile size 3M)
current process WorkingSet (physical memory assigned to process): 169M, peak: 189M
current process commit charge ("private bytes"): 242M, peak: 261M

vm_info: OpenJDK 64-Bit Server VM (14.0.2+12) for windows-amd64 JRE (14.0.2+12), built on Jul 15 2020 11:30:16 by "" with MS VC++ 15.9 (VS2017)

END.
